2026-06-23 01:17:38 - BNB-Generator - INFO - BNB Prediction Generator Started
2026-06-23 01:17:38 - BNB-Generator - INFO - API URL: http://0.0.0.0:5002/predict
2026-06-23 01:17:38 - BNB-Generator - INFO - Prediction interval: 5 minutes
2026-06-23 01:17:38 - BNB-Generator - INFO - [2026-06-23 01:17:38] Making prediction #1...
2026-06-23 01:17:39 - BNB-Generator - INFO - Prediction: $586.93 (Current: $586.62, Change: +0.05%, Model: xgboost)
2026-06-23 01:22:39 - BNB-Generator - INFO - [2026-06-23 01:22:39] Making prediction #2...
2026-06-23 01:22:40 - BNB-Generator - INFO - Prediction: $585.42 (Current: $585.66, Change: -0.04%, Model: xgboost)
2026-06-23 01:27:40 - BNB-Generator - INFO - [2026-06-23 01:27:40] Making prediction #3...
2026-06-23 01:27:40 - BNB-Generator - INFO - Prediction: $585.26 (Current: $584.79, Change: +0.08%, Model: xgboost)
2026-06-23 01:32:40 - BNB-Generator - INFO - [2026-06-23 01:32:40] Making prediction #4...
2026-06-23 01:32:40 - BNB-Generator - INFO - Prediction: $585.59 (Current: $585.55, Change: +0.01%, Model: xgboost)
2026-06-23 01:37:40 - BNB-Generator - INFO - [2026-06-23 01:37:40] Making prediction #5...
2026-06-23 01:37:40 - BNB-Generator - INFO - Prediction: $585.44 (Current: $585.54, Change: -0.02%, Model: xgboost)
2026-06-23 01:42:40 - BNB-Generator - INFO - [2026-06-23 01:42:40] Making prediction #6...
2026-06-23 01:42:40 - BNB-Generator - INFO - Prediction: $585.31 (Current: $585.48, Change: -0.03%, Model: xgboost)
2026-06-23 01:47:40 - BNB-Generator - INFO - [2026-06-23 01:47:40] Making prediction #7...
2026-06-23 01:47:40 - BNB-Generator - INFO - Prediction: $585.39 (Current: $585.59, Change: -0.03%, Model: xgboost)
2026-06-23 01:52:40 - BNB-Generator - INFO - [2026-06-23 01:52:40] Making prediction #8...
2026-06-23 01:52:40 - BNB-Generator - INFO - Prediction: $584.96 (Current: $585.14, Change: -0.03%, Model: xgboost)
2026-06-23 01:57:40 - BNB-Generator - INFO - [2026-06-23 01:57:40] Making prediction #9...
2026-06-23 01:57:40 - BNB-Generator - INFO - Prediction: $585.48 (Current: $585.17, Change: +0.05%, Model: xgboost)
2026-06-23 02:02:40 - BNB-Generator - INFO - [2026-06-23 02:02:40] Making prediction #10...
2026-06-23 02:02:40 - BNB-Generator - INFO - Prediction: $584.46 (Current: $584.59, Change: -0.02%, Model: xgboost)
2026-06-23 02:07:40 - BNB-Generator - INFO - [2026-06-23 02:07:40] Making prediction #11...
2026-06-23 02:07:40 - BNB-Generator - INFO - Prediction: $583.86 (Current: $583.98, Change: -0.02%, Model: xgboost)
2026-06-23 02:12:40 - BNB-Generator - INFO - [2026-06-23 02:12:40] Making prediction #12...
2026-06-23 02:12:41 - BNB-Generator - INFO - Prediction: $582.72 (Current: $582.31, Change: +0.07%, Model: xgboost)
2026-06-23 02:17:41 - BNB-Generator - INFO - [2026-06-23 02:17:41] Making prediction #13...
2026-06-23 02:17:41 - BNB-Generator - INFO - Prediction: $581.91 (Current: $582.53, Change: -0.11%, Model: xgboost)
2026-06-23 02:22:41 - BNB-Generator - INFO - [2026-06-23 02:22:41] Making prediction #14...
2026-06-23 02:22:41 - BNB-Generator - INFO - Prediction: $577.22 (Current: $577.68, Change: -0.08%, Model: xgboost)
2026-06-23 02:27:41 - BNB-Generator - INFO - [2026-06-23 02:27:41] Making prediction #15...
2026-06-23 02:27:41 - BNB-Generator - INFO - Prediction: $577.59 (Current: $578.40, Change: -0.14%, Model: xgboost)
2026-06-23 02:32:41 - BNB-Generator - INFO - [2026-06-23 02:32:41] Making prediction #16...
2026-06-23 02:32:41 - BNB-Generator - INFO - Prediction: $577.81 (Current: $578.83, Change: -0.18%, Model: xgboost)
2026-06-23 02:37:41 - BNB-Generator - INFO - [2026-06-23 02:37:41] Making prediction #17...
2026-06-23 02:37:41 - BNB-Generator - INFO - Prediction: $580.21 (Current: $580.25, Change: -0.01%, Model: xgboost)
2026-06-23 02:42:41 - BNB-Generator - INFO - [2026-06-23 02:42:41] Making prediction #18...
2026-06-23 02:42:41 - BNB-Generator - INFO - Prediction: $580.13 (Current: $580.44, Change: -0.05%, Model: xgboost)
2026-06-23 02:47:41 - BNB-Generator - INFO - [2026-06-23 02:47:41] Making prediction #19...
2026-06-23 02:47:41 - BNB-Generator - INFO - Prediction: $580.53 (Current: $580.96, Change: -0.07%, Model: xgboost)
2026-06-23 02:52:41 - BNB-Generator - INFO - [2026-06-23 02:52:41] Making prediction #20...
2026-06-23 02:52:41 - BNB-Generator - INFO - Prediction: $579.97 (Current: $580.07, Change: -0.02%, Model: xgboost)
2026-06-23 02:57:41 - BNB-Generator - INFO - [2026-06-23 02:57:41] Making prediction #21...
2026-06-23 02:57:41 - BNB-Generator - INFO - Prediction: $580.57 (Current: $580.53, Change: +0.01%, Model: xgboost)
2026-06-23 03:02:41 - BNB-Generator - INFO - [2026-06-23 03:02:41] Making prediction #22...
2026-06-23 03:02:41 - BNB-Generator - INFO - Prediction: $581.03 (Current: $580.98, Change: +0.01%, Model: xgboost)
2026-06-23 03:07:42 - BNB-Generator - INFO - [2026-06-23 03:07:42] Making prediction #23...
2026-06-23 03:07:42 - BNB-Generator - INFO - Prediction: $580.80 (Current: $581.00, Change: -0.03%, Model: xgboost)
2026-06-23 03:12:42 - BNB-Generator - INFO - [2026-06-23 03:12:42] Making prediction #24...
2026-06-23 03:12:42 - BNB-Generator - INFO - Prediction: $580.76 (Current: $581.02, Change: -0.05%, Model: xgboost)
2026-06-23 03:17:42 - BNB-Generator - INFO - [2026-06-23 03:17:42] Making prediction #25...
2026-06-23 03:17:42 - BNB-Generator - INFO - Prediction: $581.07 (Current: $581.24, Change: -0.03%, Model: xgboost)
2026-06-23 03:22:42 - BNB-Generator - INFO - [2026-06-23 03:22:42] Making prediction #26...
2026-06-23 03:22:42 - BNB-Generator - INFO - Prediction: $582.27 (Current: $581.93, Change: +0.06%, Model: xgboost)
2026-06-23 03:27:42 - BNB-Generator - INFO - [2026-06-23 03:27:42] Making prediction #27...
2026-06-23 03:27:42 - BNB-Generator - INFO - Prediction: $581.47 (Current: $581.53, Change: -0.01%, Model: xgboost)
2026-06-23 03:32:42 - BNB-Generator - INFO - [2026-06-23 03:32:42] Making prediction #28...
2026-06-23 03:32:42 - BNB-Generator - INFO - Prediction: $580.93 (Current: $580.87, Change: +0.01%, Model: xgboost)
2026-06-23 03:37:42 - BNB-Generator - INFO - [2026-06-23 03:37:42] Making prediction #29...
2026-06-23 03:37:42 - BNB-Generator - INFO - Prediction: $581.29 (Current: $580.92, Change: +0.06%, Model: xgboost)
2026-06-23 03:42:42 - BNB-Generator - INFO - [2026-06-23 03:42:42] Making prediction #30...
2026-06-23 03:42:42 - BNB-Generator - INFO - Prediction: $580.76 (Current: $580.98, Change: -0.04%, Model: xgboost)
2026-06-23 03:47:42 - BNB-Generator - INFO - [2026-06-23 03:47:42] Making prediction #31...
2026-06-23 03:47:42 - BNB-Generator - INFO - Prediction: $580.98 (Current: $581.10, Change: -0.02%, Model: xgboost)
2026-06-23 03:52:42 - BNB-Generator - INFO - [2026-06-23 03:52:42] Making prediction #32...
2026-06-23 03:52:42 - BNB-Generator - INFO - Prediction: $580.81 (Current: $580.75, Change: +0.01%, Model: xgboost)
2026-06-23 03:57:42 - BNB-Generator - INFO - [2026-06-23 03:57:42] Making prediction #33...
2026-06-23 03:57:43 - BNB-Generator - INFO - Prediction: $582.04 (Current: $581.22, Change: +0.14%, Model: xgboost)
2026-06-23 04:02:43 - BNB-Generator - INFO - [2026-06-23 04:02:43] Making prediction #34...
2026-06-23 04:02:43 - BNB-Generator - INFO - Prediction: $580.64 (Current: $580.55, Change: +0.01%, Model: xgboost)
2026-06-23 04:07:43 - BNB-Generator - INFO - [2026-06-23 04:07:43] Making prediction #35...
2026-06-23 04:07:43 - BNB-Generator - INFO - Prediction: $579.65 (Current: $579.88, Change: -0.04%, Model: xgboost)
2026-06-23 04:12:43 - BNB-Generator - INFO - [2026-06-23 04:12:43] Making prediction #36...
2026-06-23 04:12:43 - BNB-Generator - INFO - Prediction: $580.02 (Current: $580.04, Change: -0.00%, Model: xgboost)
2026-06-23 04:17:43 - BNB-Generator - INFO - [2026-06-23 04:17:43] Making prediction #37...
2026-06-23 04:17:43 - BNB-Generator - INFO - Prediction: $576.48 (Current: $576.66, Change: -0.03%, Model: xgboost)
2026-06-23 04:22:43 - BNB-Generator - INFO - [2026-06-23 04:22:43] Making prediction #38...
2026-06-23 04:22:43 - BNB-Generator - INFO - Prediction: $575.06 (Current: $574.54, Change: +0.09%, Model: xgboost)
2026-06-23 04:27:43 - BNB-Generator - INFO - [2026-06-23 04:27:43] Making prediction #39...
2026-06-23 04:27:43 - BNB-Generator - INFO - Prediction: $571.27 (Current: $572.47, Change: -0.21%, Model: xgboost)
2026-06-23 04:32:43 - BNB-Generator - INFO - [2026-06-23 04:32:43] Making prediction #40...
2026-06-23 04:32:43 - BNB-Generator - INFO - Prediction: $572.57 (Current: $573.16, Change: -0.10%, Model: xgboost)
2026-06-23 04:37:43 - BNB-Generator - INFO - [2026-06-23 04:37:43] Making prediction #41...
2026-06-23 04:37:43 - BNB-Generator - INFO - Prediction: $572.06 (Current: $573.60, Change: -0.27%, Model: xgboost)
2026-06-23 04:42:43 - BNB-Generator - INFO - [2026-06-23 04:42:43] Making prediction #42...
2026-06-23 04:42:43 - BNB-Generator - INFO - Prediction: $573.96 (Current: $574.25, Change: -0.05%, Model: xgboost)
2026-06-23 04:47:44 - BNB-Generator - INFO - [2026-06-23 04:47:44] Making prediction #43...
2026-06-23 04:47:44 - BNB-Generator - INFO - Prediction: $572.92 (Current: $573.18, Change: -0.05%, Model: xgboost)
2026-06-23 04:52:44 - BNB-Generator - INFO - [2026-06-23 04:52:44] Making prediction #44...
2026-06-23 04:52:44 - BNB-Generator - INFO - Prediction: $573.66 (Current: $574.11, Change: -0.08%, Model: xgboost)
2026-06-23 04:57:44 - BNB-Generator - INFO - [2026-06-23 04:57:44] Making prediction #45...
2026-06-23 04:57:44 - BNB-Generator - INFO - Prediction: $575.52 (Current: $574.49, Change: +0.18%, Model: xgboost)
2026-06-23 05:02:44 - BNB-Generator - INFO - [2026-06-23 05:02:44] Making prediction #46...
2026-06-23 05:02:44 - BNB-Generator - INFO - Prediction: $573.74 (Current: $573.94, Change: -0.03%, Model: xgboost)
2026-06-23 05:07:44 - BNB-Generator - INFO - [2026-06-23 05:07:44] Making prediction #47...
2026-06-23 05:07:44 - BNB-Generator - INFO - Prediction: $573.04 (Current: $573.18, Change: -0.02%, Model: xgboost)
2026-06-23 05:12:44 - BNB-Generator - INFO - [2026-06-23 05:12:44] Making prediction #48...
2026-06-23 05:12:44 - BNB-Generator - INFO - Prediction: $572.15 (Current: $572.08, Change: +0.01%, Model: xgboost)
2026-06-23 05:17:44 - BNB-Generator - INFO - [2026-06-23 05:17:44] Making prediction #49...
2026-06-23 05:17:44 - BNB-Generator - INFO - Prediction: $571.43 (Current: $572.66, Change: -0.22%, Model: xgboost)
2026-06-23 05:22:44 - BNB-Generator - INFO - [2026-06-23 05:22:44] Making prediction #50...
2026-06-23 05:22:44 - BNB-Generator - INFO - Prediction: $573.07 (Current: $573.00, Change: +0.01%, Model: xgboost)
2026-06-23 05:27:44 - BNB-Generator - INFO - [2026-06-23 05:27:44] Making prediction #51...
2026-06-23 05:27:44 - BNB-Generator - INFO - Prediction: $572.44 (Current: $572.71, Change: -0.05%, Model: xgboost)
2026-06-23 05:32:44 - BNB-Generator - INFO - [2026-06-23 05:32:44] Making prediction #52...
2026-06-23 05:32:44 - BNB-Generator - INFO - Prediction: $572.67 (Current: $572.35, Change: +0.06%, Model: xgboost)
2026-06-23 05:37:45 - BNB-Generator - INFO - [2026-06-23 05:37:45] Making prediction #53...
2026-06-23 05:37:45 - BNB-Generator - INFO - Prediction: $572.61 (Current: $572.23, Change: +0.07%, Model: xgboost)
2026-06-23 05:42:45 - BNB-Generator - INFO - [2026-06-23 05:42:45] Making prediction #54...
2026-06-23 05:42:45 - BNB-Generator - INFO - Prediction: $571.24 (Current: $571.09, Change: +0.03%, Model: xgboost)
2026-06-23 05:47:45 - BNB-Generator - INFO - [2026-06-23 05:47:45] Making prediction #55...
2026-06-23 05:47:45 - BNB-Generator - INFO - Prediction: $571.10 (Current: $571.05, Change: +0.01%, Model: xgboost)
2026-06-23 05:52:45 - BNB-Generator - INFO - [2026-06-23 05:52:45] Making prediction #56...
2026-06-23 05:52:45 - BNB-Generator - INFO - Prediction: $571.89 (Current: $571.78, Change: +0.02%, Model: xgboost)
2026-06-23 05:57:45 - BNB-Generator - INFO - [2026-06-23 05:57:45] Making prediction #57...
2026-06-23 05:57:45 - BNB-Generator - INFO - Prediction: $571.15 (Current: $571.40, Change: -0.04%, Model: xgboost)
2026-06-23 06:02:45 - BNB-Generator - INFO - [2026-06-23 06:02:45] Making prediction #58...
2026-06-23 06:02:45 - BNB-Generator - INFO - Prediction: $572.33 (Current: $572.34, Change: -0.00%, Model: xgboost)
2026-06-23 06:07:45 - BNB-Generator - INFO - [2026-06-23 06:07:45] Making prediction #59...
2026-06-23 06:07:45 - BNB-Generator - INFO - Prediction: $572.57 (Current: $572.38, Change: +0.03%, Model: xgboost)
2026-06-23 06:12:45 - BNB-Generator - INFO - [2026-06-23 06:12:45] Making prediction #60...
2026-06-23 06:12:45 - BNB-Generator - INFO - Prediction: $571.18 (Current: $571.27, Change: -0.02%, Model: xgboost)
2026-06-23 06:17:45 - BNB-Generator - INFO - [2026-06-23 06:17:45] Making prediction #61...
2026-06-23 06:17:45 - BNB-Generator - INFO - Prediction: $571.93 (Current: $571.62, Change: +0.06%, Model: xgboost)
2026-06-23 06:22:45 - BNB-Generator - INFO - [2026-06-23 06:22:45] Making prediction #62...
2026-06-23 06:22:46 - BNB-Generator - INFO - Prediction: $571.96 (Current: $571.99, Change: -0.01%, Model: xgboost)
2026-06-23 06:27:46 - BNB-Generator - INFO - [2026-06-23 06:27:46] Making prediction #63...
2026-06-23 06:27:46 - BNB-Generator - INFO - Prediction: $571.89 (Current: $571.98, Change: -0.02%, Model: xgboost)
2026-06-23 06:32:46 - BNB-Generator - INFO - [2026-06-23 06:32:46] Making prediction #64...
2026-06-23 06:32:46 - BNB-Generator - INFO - Prediction: $571.53 (Current: $571.38, Change: +0.03%, Model: xgboost)
2026-06-23 06:37:46 - BNB-Generator - INFO - [2026-06-23 06:37:46] Making prediction #65...
2026-06-23 06:37:46 - BNB-Generator - INFO - Prediction: $571.80 (Current: $571.53, Change: +0.05%, Model: xgboost)
2026-06-23 06:42:46 - BNB-Generator - INFO - [2026-06-23 06:42:46] Making prediction #66...
2026-06-23 06:42:46 - BNB-Generator - INFO - Prediction: $570.56 (Current: $570.78, Change: -0.04%, Model: xgboost)
2026-06-23 06:47:46 - BNB-Generator - INFO - [2026-06-23 06:47:46] Making prediction #67...
2026-06-23 06:47:46 - BNB-Generator - INFO - Prediction: $571.57 (Current: $571.54, Change: +0.00%, Model: xgboost)
2026-06-23 06:52:46 - BNB-Generator - INFO - [2026-06-23 06:52:46] Making prediction #68...
2026-06-23 06:52:46 - BNB-Generator - INFO - Prediction: $571.57 (Current: $570.91, Change: +0.12%, Model: xgboost)
2026-06-23 06:57:46 - BNB-Generator - INFO - [2026-06-23 06:57:46] Making prediction #69...
2026-06-23 06:57:46 - BNB-Generator - INFO - Prediction: $571.28 (Current: $571.46, Change: -0.03%, Model: xgboost)
2026-06-23 07:02:46 - BNB-Generator - INFO - [2026-06-23 07:02:46] Making prediction #70...
2026-06-23 07:02:46 - BNB-Generator - INFO - Prediction: $571.21 (Current: $571.33, Change: -0.02%, Model: xgboost)
2026-06-23 07:07:46 - BNB-Generator - INFO - [2026-06-23 07:07:46] Making prediction #71...
2026-06-23 07:07:46 - BNB-Generator - INFO - Prediction: $571.35 (Current: $571.41, Change: -0.01%, Model: xgboost)
2026-06-23 07:12:46 - BNB-Generator - INFO - [2026-06-23 07:12:46] Making prediction #72...
2026-06-23 07:12:47 - BNB-Generator - INFO - Prediction: $571.94 (Current: $571.83, Change: +0.02%, Model: xgboost)
2026-06-23 07:17:47 - BNB-Generator - INFO - [2026-06-23 07:17:47] Making prediction #73...
2026-06-23 07:17:47 - BNB-Generator - INFO - Prediction: $572.03 (Current: $572.17, Change: -0.02%, Model: xgboost)
2026-06-23 07:22:47 - BNB-Generator - INFO - [2026-06-23 07:22:47] Making prediction #74...
2026-06-23 07:22:47 - BNB-Generator - INFO - Prediction: $573.29 (Current: $573.39, Change: -0.02%, Model: xgboost)
2026-06-23 07:27:47 - BNB-Generator - INFO - [2026-06-23 07:27:47] Making prediction #75...
2026-06-23 07:27:47 - BNB-Generator - INFO - Prediction: $572.54 (Current: $573.37, Change: -0.15%, Model: xgboost)
2026-06-23 07:32:47 - BNB-Generator - INFO - [2026-06-23 07:32:47] Making prediction #76...
2026-06-23 07:32:47 - BNB-Generator - INFO - Prediction: $573.73 (Current: $573.70, Change: +0.01%, Model: xgboost)
2026-06-23 07:37:47 - BNB-Generator - INFO - [2026-06-23 07:37:47] Making prediction #77...
2026-06-23 07:37:47 - BNB-Generator - INFO - Prediction: $573.45 (Current: $573.38, Change: +0.01%, Model: xgboost)
2026-06-23 07:42:47 - BNB-Generator - INFO - [2026-06-23 07:42:47] Making prediction #78...
2026-06-23 07:42:47 - BNB-Generator - INFO - Prediction: $573.27 (Current: $573.14, Change: +0.02%, Model: xgboost)
2026-06-23 07:47:47 - BNB-Generator - INFO - [2026-06-23 07:47:47] Making prediction #79...
2026-06-23 07:47:47 - BNB-Generator - INFO - Prediction: $573.65 (Current: $573.38, Change: +0.05%, Model: xgboost)
2026-06-23 07:52:47 - BNB-Generator - INFO - [2026-06-23 07:52:47] Making prediction #80...
2026-06-23 07:52:47 - BNB-Generator - INFO - Prediction: $572.88 (Current: $572.66, Change: +0.04%, Model: xgboost)
2026-06-23 07:57:47 - BNB-Generator - INFO - [2026-06-23 07:57:47] Making prediction #81...
2026-06-23 07:57:47 - BNB-Generator - INFO - Prediction: $573.46 (Current: $573.29, Change: +0.03%, Model: xgboost)
2026-06-23 08:02:47 - BNB-Generator - INFO - [2026-06-23 08:02:47] Making prediction #82...
2026-06-23 08:02:48 - BNB-Generator - INFO - Prediction: $573.58 (Current: $573.48, Change: +0.02%, Model: xgboost)
2026-06-23 08:07:48 - BNB-Generator - INFO - [2026-06-23 08:07:48] Making prediction #83...
2026-06-23 08:07:48 - BNB-Generator - INFO - Prediction: $573.32 (Current: $573.48, Change: -0.03%, Model: xgboost)
2026-06-23 08:12:48 - BNB-Generator - INFO - [2026-06-23 08:12:48] Making prediction #84...
2026-06-23 08:12:48 - BNB-Generator - INFO - Prediction: $573.99 (Current: $573.76, Change: +0.04%, Model: xgboost)
2026-06-23 08:17:48 - BNB-Generator - INFO - [2026-06-23 08:17:48] Making prediction #85...
2026-06-23 08:17:48 - BNB-Generator - INFO - Prediction: $574.06 (Current: $573.85, Change: +0.04%, Model: xgboost)
2026-06-23 08:22:48 - BNB-Generator - INFO - [2026-06-23 08:22:48] Making prediction #86...
2026-06-23 08:22:48 - BNB-Generator - INFO - Prediction: $573.92 (Current: $573.92, Change: -0.00%, Model: xgboost)
2026-06-23 08:27:48 - BNB-Generator - INFO - [2026-06-23 08:27:48] Making prediction #87...
2026-06-23 08:27:48 - BNB-Generator - INFO - Prediction: $573.85 (Current: $573.62, Change: +0.04%, Model: xgboost)
2026-06-23 08:32:48 - BNB-Generator - INFO - [2026-06-23 08:32:48] Making prediction #88...
2026-06-23 08:32:48 - BNB-Generator - INFO - Prediction: $574.92 (Current: $574.26, Change: +0.11%, Model: xgboost)
2026-06-23 08:37:48 - BNB-Generator - INFO - [2026-06-23 08:37:48] Making prediction #89...
2026-06-23 08:37:48 - BNB-Generator - INFO - Prediction: $574.21 (Current: $574.14, Change: +0.01%, Model: xgboost)
2026-06-23 08:42:48 - BNB-Generator - INFO - [2026-06-23 08:42:48] Making prediction #90...
2026-06-23 08:42:48 - BNB-Generator - INFO - Prediction: $573.39 (Current: $573.55, Change: -0.03%, Model: xgboost)
2026-06-23 08:47:48 - BNB-Generator - INFO - [2026-06-23 08:47:48] Making prediction #91...
2026-06-23 08:47:49 - BNB-Generator - INFO - Prediction: $573.64 (Current: $573.17, Change: +0.08%, Model: xgboost)
2026-06-23 08:52:49 - BNB-Generator - INFO - [2026-06-23 08:52:49] Making prediction #92...
2026-06-23 08:52:49 - BNB-Generator - INFO - Prediction: $573.13 (Current: $572.87, Change: +0.05%, Model: xgboost)
2026-06-23 08:57:49 - BNB-Generator - INFO - [2026-06-23 08:57:49] Making prediction #93...
2026-06-23 08:57:49 - BNB-Generator - INFO - Prediction: $572.92 (Current: $572.77, Change: +0.03%, Model: xgboost)
2026-06-23 09:02:49 - BNB-Generator - INFO - [2026-06-23 09:02:49] Making prediction #94...
2026-06-23 09:02:49 - BNB-Generator - INFO - Prediction: $572.62 (Current: $572.88, Change: -0.04%, Model: xgboost)
2026-06-23 09:07:49 - BNB-Generator - INFO - [2026-06-23 09:07:49] Making prediction #95...
2026-06-23 09:07:49 - BNB-Generator - INFO - Prediction: $572.16 (Current: $572.18, Change: -0.00%, Model: xgboost)
2026-06-23 09:12:49 - BNB-Generator - INFO - [2026-06-23 09:12:49] Making prediction #96...
2026-06-23 09:12:49 - BNB-Generator - INFO - Prediction: $571.50 (Current: $571.37, Change: +0.02%, Model: xgboost)
2026-06-23 09:17:49 - BNB-Generator - INFO - [2026-06-23 09:17:49] Making prediction #97...
2026-06-23 09:17:49 - BNB-Generator - INFO - Prediction: $571.86 (Current: $571.92, Change: -0.01%, Model: xgboost)
2026-06-23 09:22:49 - BNB-Generator - INFO - [2026-06-23 09:22:49] Making prediction #98...
2026-06-23 09:22:49 - BNB-Generator - INFO - Prediction: $570.97 (Current: $571.20, Change: -0.04%, Model: xgboost)
2026-06-23 09:27:49 - BNB-Generator - INFO - [2026-06-23 09:27:49] Making prediction #99...
2026-06-23 09:27:49 - BNB-Generator - INFO - Prediction: $571.06 (Current: $571.26, Change: -0.04%, Model: xgboost)
2026-06-23 09:32:49 - BNB-Generator - INFO - [2026-06-23 09:32:49] Making prediction #100...
2026-06-23 09:32:49 - BNB-Generator - INFO - Prediction: $573.58 (Current: $573.60, Change: -0.00%, Model: xgboost)
2026-06-23 09:37:49 - BNB-Generator - INFO - [2026-06-23 09:37:49] Making prediction #101...
2026-06-23 09:37:50 - BNB-Generator - INFO - Prediction: $573.21 (Current: $572.89, Change: +0.06%, Model: xgboost)
2026-06-23 09:42:50 - BNB-Generator - INFO - [2026-06-23 09:42:50] Making prediction #102...
2026-06-23 09:42:50 - BNB-Generator - INFO - Prediction: $572.93 (Current: $572.71, Change: +0.04%, Model: xgboost)
2026-06-23 09:47:50 - BNB-Generator - INFO - [2026-06-23 09:47:50] Making prediction #103...
2026-06-23 09:47:50 - BNB-Generator - INFO - Prediction: $571.69 (Current: $571.82, Change: -0.02%, Model: xgboost)
2026-06-23 09:52:50 - BNB-Generator - INFO - [2026-06-23 09:52:50] Making prediction #104...
2026-06-23 09:52:50 - BNB-Generator - INFO - Prediction: $573.03 (Current: $573.48, Change: -0.08%, Model: xgboost)
2026-06-23 09:57:50 - BNB-Generator - INFO - [2026-06-23 09:57:50] Making prediction #105...
2026-06-23 09:57:50 - BNB-Generator - INFO - Prediction: $574.50 (Current: $574.09, Change: +0.07%, Model: xgboost)
2026-06-23 10:02:50 - BNB-Generator - INFO - [2026-06-23 10:02:50] Making prediction #106...
2026-06-23 10:02:50 - BNB-Generator - INFO - Prediction: $575.51 (Current: $575.46, Change: +0.01%, Model: xgboost)
2026-06-23 10:07:50 - BNB-Generator - INFO - [2026-06-23 10:07:50] Making prediction #107...
2026-06-23 10:07:50 - BNB-Generator - INFO - Prediction: $574.03 (Current: $574.59, Change: -0.10%, Model: xgboost)
2026-06-23 10:12:50 - BNB-Generator - INFO - [2026-06-23 10:12:50] Making prediction #108...
2026-06-23 10:12:50 - BNB-Generator - INFO - Prediction: $574.26 (Current: $574.27, Change: -0.00%, Model: xgboost)
2026-06-23 10:17:50 - BNB-Generator - INFO - [2026-06-23 10:17:50] Making prediction #109...
2026-06-23 10:17:50 - BNB-Generator - INFO - Prediction: $575.93 (Current: $575.91, Change: +0.00%, Model: xgboost)
2026-06-23 10:22:50 - BNB-Generator - INFO - [2026-06-23 10:22:50] Making prediction #110...
2026-06-23 10:22:51 - BNB-Generator - INFO - Prediction: $574.79 (Current: $575.03, Change: -0.04%, Model: xgboost)
2026-06-23 10:27:51 - BNB-Generator - INFO - [2026-06-23 10:27:51] Making prediction #111...
2026-06-23 10:27:51 - BNB-Generator - INFO - Prediction: $574.21 (Current: $574.23, Change: -0.00%, Model: xgboost)
2026-06-23 10:32:51 - BNB-Generator - INFO - [2026-06-23 10:32:51] Making prediction #112...
2026-06-23 10:32:51 - BNB-Generator - INFO - Prediction: $575.36 (Current: $574.67, Change: +0.12%, Model: xgboost)
2026-06-23 10:37:51 - BNB-Generator - INFO - [2026-06-23 10:37:51] Making prediction #113...
2026-06-23 10:37:51 - BNB-Generator - INFO - Prediction: $575.85 (Current: $575.82, Change: +0.01%, Model: xgboost)
2026-06-23 10:42:51 - BNB-Generator - INFO - [2026-06-23 10:42:51] Making prediction #114...
2026-06-23 10:42:51 - BNB-Generator - INFO - Prediction: $574.68 (Current: $574.54, Change: +0.02%, Model: xgboost)
2026-06-23 10:47:51 - BNB-Generator - INFO - [2026-06-23 10:47:51] Making prediction #115...
2026-06-23 10:47:51 - BNB-Generator - INFO - Prediction: $573.19 (Current: $573.07, Change: +0.02%, Model: xgboost)
2026-06-23 10:52:51 - BNB-Generator - INFO - [2026-06-23 10:52:51] Making prediction #116...
2026-06-23 10:52:51 - BNB-Generator - INFO - Prediction: $573.45 (Current: $573.42, Change: +0.00%, Model: xgboost)
2026-06-23 10:57:51 - BNB-Generator - INFO - [2026-06-23 10:57:51] Making prediction #117...
2026-06-23 10:57:51 - BNB-Generator - INFO - Prediction: $573.14 (Current: $573.17, Change: -0.01%, Model: xgboost)
2026-06-23 11:02:51 - BNB-Generator - INFO - [2026-06-23 11:02:51] Making prediction #118...
2026-06-23 11:02:51 - BNB-Generator - INFO - Prediction: $573.20 (Current: $573.05, Change: +0.03%, Model: xgboost)
2026-06-23 11:07:51 - BNB-Generator - INFO - [2026-06-23 11:07:51] Making prediction #119...
2026-06-23 11:07:51 - BNB-Generator - INFO - Prediction: $571.79 (Current: $572.04, Change: -0.04%, Model: xgboost)
2026-06-23 11:12:52 - BNB-Generator - INFO - [2026-06-23 11:12:52] Making prediction #120...
2026-06-23 11:12:52 - BNB-Generator - INFO - Prediction: $572.46 (Current: $572.57, Change: -0.02%, Model: xgboost)
2026-06-23 11:17:52 - BNB-Generator - INFO - [2026-06-23 11:17:52] Making prediction #121...
2026-06-23 11:17:52 - BNB-Generator - INFO - Prediction: $572.60 (Current: $572.75, Change: -0.02%, Model: xgboost)
2026-06-23 11:22:52 - BNB-Generator - INFO - [2026-06-23 11:22:52] Making prediction #122...
2026-06-23 11:22:52 - BNB-Generator - INFO - Prediction: $572.61 (Current: $572.47, Change: +0.02%, Model: xgboost)
2026-06-23 11:27:52 - BNB-Generator - INFO - [2026-06-23 11:27:52] Making prediction #123...
2026-06-23 11:27:52 - BNB-Generator - INFO - Prediction: $573.27 (Current: $572.99, Change: +0.05%, Model: xgboost)
2026-06-23 11:32:52 - BNB-Generator - INFO - [2026-06-23 11:32:52] Making prediction #124...
2026-06-23 11:32:52 - BNB-Generator - INFO - Prediction: $573.37 (Current: $573.42, Change: -0.01%, Model: xgboost)
2026-06-23 11:37:52 - BNB-Generator - INFO - [2026-06-23 11:37:52] Making prediction #125...
2026-06-23 11:37:52 - BNB-Generator - INFO - Prediction: $572.92 (Current: $573.18, Change: -0.05%, Model: xgboost)
2026-06-23 11:42:52 - BNB-Generator - INFO - [2026-06-23 11:42:52] Making prediction #126...
2026-06-23 11:42:52 - BNB-Generator - INFO - Prediction: $572.45 (Current: $572.46, Change: -0.00%, Model: xgboost)
2026-06-23 11:47:52 - BNB-Generator - INFO - [2026-06-23 11:47:52] Making prediction #127...
2026-06-23 11:47:52 - BNB-Generator - INFO - Prediction: $571.99 (Current: $571.80, Change: +0.03%, Model: xgboost)
2026-06-23 11:52:52 - BNB-Generator - INFO - [2026-06-23 11:52:52] Making prediction #128...
2026-06-23 11:52:52 - BNB-Generator - INFO - Prediction: $572.08 (Current: $571.96, Change: +0.02%, Model: xgboost)
2026-06-23 11:57:52 - BNB-Generator - INFO - [2026-06-23 11:57:52] Making prediction #129...
2026-06-23 11:57:53 - BNB-Generator - INFO - Prediction: $572.78 (Current: $573.17, Change: -0.07%, Model: xgboost)
2026-06-23 12:02:53 - BNB-Generator - INFO - [2026-06-23 12:02:53] Making prediction #130...
2026-06-23 12:02:53 - BNB-Generator - INFO - Prediction: $573.72 (Current: $573.98, Change: -0.05%, Model: xgboost)
2026-06-23 12:07:53 - BNB-Generator - INFO - [2026-06-23 12:07:53] Making prediction #131...
2026-06-23 12:07:53 - BNB-Generator - INFO - Prediction: $575.07 (Current: $575.45, Change: -0.07%, Model: xgboost)
2026-06-23 12:12:53 - BNB-Generator - INFO - [2026-06-23 12:12:53] Making prediction #132...
2026-06-23 12:12:53 - BNB-Generator - INFO - Prediction: $575.69 (Current: $576.08, Change: -0.07%, Model: xgboost)
2026-06-23 12:17:53 - BNB-Generator - INFO - [2026-06-23 12:17:53] Making prediction #133...
2026-06-23 12:17:53 - BNB-Generator - INFO - Prediction: $574.54 (Current: $575.11, Change: -0.10%, Model: xgboost)
2026-06-23 12:22:53 - BNB-Generator - INFO - [2026-06-23 12:22:53] Making prediction #134...
2026-06-23 12:22:53 - BNB-Generator - INFO - Prediction: $575.04 (Current: $574.93, Change: +0.02%, Model: xgboost)
2026-06-23 12:27:53 - BNB-Generator - INFO - [2026-06-23 12:27:53] Making prediction #135...
2026-06-23 12:27:53 - BNB-Generator - INFO - Prediction: $574.88 (Current: $574.75, Change: +0.02%, Model: xgboost)
2026-06-23 12:32:53 - BNB-Generator - INFO - [2026-06-23 12:32:53] Making prediction #136...
2026-06-23 12:32:53 - BNB-Generator - INFO - Prediction: $574.19 (Current: $574.26, Change: -0.01%, Model: xgboost)
2026-06-23 12:37:53 - BNB-Generator - INFO - [2026-06-23 12:37:53] Making prediction #137...
2026-06-23 12:37:53 - BNB-Generator - INFO - Prediction: $574.92 (Current: $574.48, Change: +0.08%, Model: xgboost)
2026-06-23 12:42:53 - BNB-Generator - INFO - [2026-06-23 12:42:53] Making prediction #138...
2026-06-23 12:42:54 - BNB-Generator - INFO - Prediction: $574.52 (Current: $574.29, Change: +0.04%, Model: xgboost)
2026-06-23 12:47:54 - BNB-Generator - INFO - [2026-06-23 12:47:54] Making prediction #139...
2026-06-23 12:47:54 - BNB-Generator - INFO - Prediction: $574.09 (Current: $574.50, Change: -0.07%, Model: xgboost)
2026-06-23 12:52:54 - BNB-Generator - INFO - [2026-06-23 12:52:54] Making prediction #140...
2026-06-23 12:52:54 - BNB-Generator - INFO - Prediction: $574.30 (Current: $574.20, Change: +0.02%, Model: xgboost)
2026-06-23 12:57:54 - BNB-Generator - INFO - [2026-06-23 12:57:54] Making prediction #141...
2026-06-23 12:57:54 - BNB-Generator - INFO - Prediction: $574.25 (Current: $573.83, Change: +0.07%, Model: xgboost)
2026-06-23 13:02:54 - BNB-Generator - INFO - [2026-06-23 13:02:54] Making prediction #142...
2026-06-23 13:02:54 - BNB-Generator - INFO - Prediction: $573.59 (Current: $573.54, Change: +0.01%, Model: xgboost)
2026-06-23 13:07:54 - BNB-Generator - INFO - [2026-06-23 13:07:54] Making prediction #143...
2026-06-23 13:07:54 - BNB-Generator - INFO - Prediction: $573.65 (Current: $573.29, Change: +0.06%, Model: xgboost)
2026-06-23 13:12:54 - BNB-Generator - INFO - [2026-06-23 13:12:54] Making prediction #144...
2026-06-23 13:12:54 - BNB-Generator - INFO - Prediction: $574.36 (Current: $574.16, Change: +0.03%, Model: xgboost)
2026-06-23 13:17:54 - BNB-Generator - INFO - [2026-06-23 13:17:54] Making prediction #145...
2026-06-23 13:17:54 - BNB-Generator - INFO - Prediction: $572.67 (Current: $572.95, Change: -0.05%, Model: xgboost)
2026-06-23 13:22:54 - BNB-Generator - INFO - [2026-06-23 13:22:54] Making prediction #146...
2026-06-23 13:22:54 - BNB-Generator - INFO - Prediction: $574.01 (Current: $574.17, Change: -0.03%, Model: xgboost)
2026-06-23 13:27:54 - BNB-Generator - INFO - [2026-06-23 13:27:54] Making prediction #147...
2026-06-23 13:27:55 - BNB-Generator - INFO - Prediction: $574.05 (Current: $574.38, Change: -0.06%, Model: xgboost)
2026-06-23 13:32:55 - BNB-Generator - INFO - [2026-06-23 13:32:55] Making prediction #148...
2026-06-23 13:32:55 - BNB-Generator - INFO - Prediction: $573.42 (Current: $573.61, Change: -0.03%, Model: xgboost)
2026-06-23 13:37:55 - BNB-Generator - INFO - [2026-06-23 13:37:55] Making prediction #149...
2026-06-23 13:37:55 - BNB-Generator - INFO - Prediction: $574.99 (Current: $575.13, Change: -0.03%, Model: xgboost)
2026-06-23 13:42:55 - BNB-Generator - INFO - [2026-06-23 13:42:55] Making prediction #150...
2026-06-23 13:42:55 - BNB-Generator - INFO - Prediction: $573.78 (Current: $574.02, Change: -0.04%, Model: xgboost)
2026-06-23 13:47:55 - BNB-Generator - INFO - [2026-06-23 13:47:55] Making prediction #151...
2026-06-23 13:47:55 - BNB-Generator - INFO - Prediction: $573.68 (Current: $573.66, Change: +0.00%, Model: xgboost)
2026-06-23 13:52:55 - BNB-Generator - INFO - [2026-06-23 13:52:55] Making prediction #152...
2026-06-23 13:52:55 - BNB-Generator - INFO - Prediction: $573.60 (Current: $573.27, Change: +0.06%, Model: xgboost)
2026-06-23 13:57:55 - BNB-Generator - INFO - [2026-06-23 13:57:55] Making prediction #153...
2026-06-23 13:57:55 - BNB-Generator - INFO - Prediction: $573.66 (Current: $573.53, Change: +0.02%, Model: xgboost)
2026-06-23 14:02:55 - BNB-Generator - INFO - [2026-06-23 14:02:55] Making prediction #154...
2026-06-23 14:02:55 - BNB-Generator - INFO - Prediction: $573.81 (Current: $573.92, Change: -0.02%, Model: xgboost)
2026-06-23 14:07:55 - BNB-Generator - INFO - [2026-06-23 14:07:55] Making prediction #155...
2026-06-23 14:07:55 - BNB-Generator - INFO - Prediction: $572.42 (Current: $572.68, Change: -0.05%, Model: xgboost)
2026-06-23 14:12:55 - BNB-Generator - INFO - [2026-06-23 14:12:55] Making prediction #156...
2026-06-23 14:12:56 - BNB-Generator - INFO - Prediction: $572.68 (Current: $572.95, Change: -0.05%, Model: xgboost)
2026-06-23 14:17:56 - BNB-Generator - INFO - [2026-06-23 14:17:56] Making prediction #157...
2026-06-23 14:17:56 - BNB-Generator - INFO - Prediction: $572.96 (Current: $573.15, Change: -0.03%, Model: xgboost)
2026-06-23 14:22:56 - BNB-Generator - INFO - [2026-06-23 14:22:56] Making prediction #158...
2026-06-23 14:22:56 - BNB-Generator - INFO - Prediction: $573.84 (Current: $573.88, Change: -0.01%, Model: xgboost)
2026-06-23 14:27:56 - BNB-Generator - INFO - [2026-06-23 14:27:56] Making prediction #159...
2026-06-23 14:27:56 - BNB-Generator - INFO - Prediction: $574.21 (Current: $574.36, Change: -0.03%, Model: xgboost)
2026-06-23 14:32:56 - BNB-Generator - INFO - [2026-06-23 14:32:56] Making prediction #160...
2026-06-23 14:32:56 - BNB-Generator - INFO - Prediction: $573.71 (Current: $573.71, Change: +0.00%, Model: xgboost)
2026-06-23 14:37:56 - BNB-Generator - INFO - [2026-06-23 14:37:56] Making prediction #161...
2026-06-23 14:37:56 - BNB-Generator - INFO - Prediction: $573.93 (Current: $573.25, Change: +0.12%, Model: xgboost)
2026-06-23 14:42:56 - BNB-Generator - INFO - [2026-06-23 14:42:56] Making prediction #162...
2026-06-23 14:42:56 - BNB-Generator - INFO - Prediction: $573.16 (Current: $572.98, Change: +0.03%, Model: xgboost)
2026-06-23 14:47:56 - BNB-Generator - INFO - [2026-06-23 14:47:56] Making prediction #163...
2026-06-23 14:47:56 - BNB-Generator - INFO - Prediction: $572.31 (Current: $572.13, Change: +0.03%, Model: xgboost)
2026-06-23 14:52:56 - BNB-Generator - INFO - [2026-06-23 14:52:56] Making prediction #164...
2026-06-23 14:52:56 - BNB-Generator - INFO - Prediction: $573.49 (Current: $572.88, Change: +0.11%, Model: xgboost)
2026-06-23 14:57:57 - BNB-Generator - INFO - [2026-06-23 14:57:57] Making prediction #165...
2026-06-23 14:57:57 - BNB-Generator - INFO - Prediction: $573.10 (Current: $573.21, Change: -0.02%, Model: xgboost)
2026-06-23 15:02:57 - BNB-Generator - INFO - [2026-06-23 15:02:57] Making prediction #166...
2026-06-23 15:02:57 - BNB-Generator - INFO - Prediction: $573.36 (Current: $573.12, Change: +0.04%, Model: xgboost)
2026-06-23 15:07:57 - BNB-Generator - INFO - [2026-06-23 15:07:57] Making prediction #167...
2026-06-23 15:07:57 - BNB-Generator - INFO - Prediction: $574.18 (Current: $574.12, Change: +0.01%, Model: xgboost)
2026-06-23 15:12:57 - BNB-Generator - INFO - [2026-06-23 15:12:57] Making prediction #168...
2026-06-23 15:12:57 - BNB-Generator - INFO - Prediction: $574.20 (Current: $574.16, Change: +0.01%, Model: xgboost)
2026-06-23 15:17:57 - BNB-Generator - INFO - [2026-06-23 15:17:57] Making prediction #169...
2026-06-23 15:17:57 - BNB-Generator - INFO - Prediction: $574.28 (Current: $574.18, Change: +0.02%, Model: xgboost)
2026-06-23 15:22:57 - BNB-Generator - INFO - [2026-06-23 15:22:57] Making prediction #170...
2026-06-23 15:22:57 - BNB-Generator - INFO - Prediction: $573.91 (Current: $573.80, Change: +0.02%, Model: xgboost)
2026-06-23 15:27:57 - BNB-Generator - INFO - [2026-06-23 15:27:57] Making prediction #171...
2026-06-23 15:27:57 - BNB-Generator - INFO - Prediction: $574.23 (Current: $574.06, Change: +0.03%, Model: xgboost)
2026-06-23 15:32:57 - BNB-Generator - INFO - [2026-06-23 15:32:57] Making prediction #172...
2026-06-23 15:32:57 - BNB-Generator - INFO - Prediction: $574.45 (Current: $574.57, Change: -0.02%, Model: xgboost)
2026-06-23 15:37:57 - BNB-Generator - INFO - [2026-06-23 15:37:57] Making prediction #173...
2026-06-23 15:37:57 - BNB-Generator - INFO - Prediction: $574.60 (Current: $574.60, Change: -0.00%, Model: xgboost)
2026-06-23 15:41:54 - BNB-Generator - INFO - Received shutdown signal
2026-06-23 15:41:55 - BNB-Generator - INFO - Prediction generator stopped. Total predictions: 173
