2026-06-23 01:17:36 - BTC-Generator - INFO - BTC Prediction Generator Started
2026-06-23 01:17:36 - BTC-Generator - INFO - API URL: http://0.0.0.0:5001/predict
2026-06-23 01:17:36 - BTC-Generator - INFO - Prediction interval: 15 minutes
2026-06-23 01:17:36 - BTC-Generator - INFO - [2026-06-23 01:17:36] Making prediction #1...
2026-06-23 01:17:37 - BTC-Generator - INFO - Prediction: $63,583.51 (Current: $63,577.21, Change: +0.01%, Model: xgboost)
2026-06-23 01:32:37 - BTC-Generator - INFO - [2026-06-23 01:32:37] Making prediction #2...
2026-06-23 01:32:38 - BTC-Generator - INFO - Prediction: $63,402.76 (Current: $63,396.49, Change: +0.01%, Model: xgboost)
2026-06-23 01:47:38 - BTC-Generator - INFO - [2026-06-23 01:47:38] Making prediction #3...
2026-06-23 01:47:38 - BTC-Generator - INFO - Prediction: $63,299.51 (Current: $63,293.25, Change: +0.01%, Model: xgboost)
2026-06-23 02:02:38 - BTC-Generator - INFO - [2026-06-23 02:02:38] Making prediction #4...
2026-06-23 02:02:38 - BTC-Generator - INFO - Prediction: $63,313.74 (Current: $63,307.47, Change: +0.01%, Model: xgboost)
2026-06-23 02:17:38 - BTC-Generator - INFO - [2026-06-23 02:17:38] Making prediction #5...
2026-06-23 02:17:38 - BTC-Generator - INFO - Prediction: $63,157.46 (Current: $63,151.21, Change: +0.01%, Model: xgboost)
2026-06-23 02:32:38 - BTC-Generator - INFO - [2026-06-23 02:32:38] Making prediction #6...
2026-06-23 02:32:39 - BTC-Generator - INFO - Prediction: $62,701.12 (Current: $62,698.60, Change: +0.00%, Model: xgboost)
2026-06-23 02:47:39 - BTC-Generator - INFO - [2026-06-23 02:47:39] Making prediction #7...
2026-06-23 02:47:39 - BTC-Generator - INFO - Prediction: $62,969.26 (Current: $62,966.53, Change: +0.00%, Model: xgboost)
2026-06-23 03:02:39 - BTC-Generator - INFO - [2026-06-23 03:02:39] Making prediction #8...
2026-06-23 03:02:39 - BTC-Generator - INFO - Prediction: $62,933.07 (Current: $62,862.96, Change: +0.11%, Model: xgboost)
2026-06-23 03:17:39 - BTC-Generator - INFO - [2026-06-23 03:17:39] Making prediction #9...
2026-06-23 03:17:39 - BTC-Generator - INFO - Prediction: $63,016.63 (Current: $62,945.81, Change: +0.11%, Model: xgboost)
2026-06-23 03:32:39 - BTC-Generator - INFO - [2026-06-23 03:32:39] Making prediction #10...
2026-06-23 03:32:39 - BTC-Generator - INFO - Prediction: $62,768.38 (Current: $62,834.00, Change: -0.10%, Model: xgboost)
2026-06-23 03:47:39 - BTC-Generator - INFO - [2026-06-23 03:47:39] Making prediction #11...
2026-06-23 03:47:40 - BTC-Generator - INFO - Prediction: $62,864.82 (Current: $62,868.99, Change: -0.01%, Model: xgboost)
2026-06-23 04:02:40 - BTC-Generator - INFO - [2026-06-23 04:02:40] Making prediction #12...
2026-06-23 04:02:40 - BTC-Generator - INFO - Prediction: $62,813.81 (Current: $62,835.29, Change: -0.03%, Model: xgboost)
2026-06-23 04:17:40 - BTC-Generator - INFO - [2026-06-23 04:17:40] Making prediction #13...
2026-06-23 04:17:40 - BTC-Generator - INFO - Prediction: $62,505.21 (Current: $62,518.86, Change: -0.02%, Model: xgboost)
2026-06-23 04:32:40 - BTC-Generator - INFO - [2026-06-23 04:32:40] Making prediction #14...
2026-06-23 04:32:40 - BTC-Generator - INFO - Prediction: $62,284.08 (Current: $62,136.83, Change: +0.24%, Model: xgboost)
2026-06-23 04:47:40 - BTC-Generator - INFO - [2026-06-23 04:47:40] Making prediction #15...
2026-06-23 04:47:40 - BTC-Generator - INFO - Prediction: $62,416.13 (Current: $62,291.99, Change: +0.20%, Model: xgboost)
2026-06-23 05:02:40 - BTC-Generator - INFO - [2026-06-23 05:02:40] Making prediction #16...
2026-06-23 05:02:40 - BTC-Generator - INFO - Prediction: $62,416.58 (Current: $62,371.21, Change: +0.07%, Model: xgboost)
2026-06-23 05:17:41 - BTC-Generator - INFO - [2026-06-23 05:17:41] Making prediction #17...
2026-06-23 05:17:41 - BTC-Generator - INFO - Prediction: $62,441.18 (Current: $62,392.57, Change: +0.08%, Model: xgboost)
2026-06-23 05:32:41 - BTC-Generator - INFO - [2026-06-23 05:32:41] Making prediction #18...
2026-06-23 05:32:41 - BTC-Generator - INFO - Prediction: $62,464.08 (Current: $62,415.61, Change: +0.08%, Model: xgboost)
2026-06-23 05:47:41 - BTC-Generator - INFO - [2026-06-23 05:47:41] Making prediction #19...
2026-06-23 05:47:41 - BTC-Generator - INFO - Prediction: $62,351.02 (Current: $62,307.10, Change: +0.07%, Model: xgboost)
2026-06-23 06:02:41 - BTC-Generator - INFO - [2026-06-23 06:02:41] Making prediction #20...
2026-06-23 06:02:41 - BTC-Generator - INFO - Prediction: $62,447.34 (Current: $62,404.00, Change: +0.07%, Model: xgboost)
2026-06-23 06:17:41 - BTC-Generator - INFO - [2026-06-23 06:17:41] Making prediction #21...
2026-06-23 06:17:41 - BTC-Generator - INFO - Prediction: $62,382.89 (Current: $62,318.71, Change: +0.10%, Model: xgboost)
2026-06-23 06:32:42 - BTC-Generator - INFO - [2026-06-23 06:32:42] Making prediction #22...
2026-06-23 06:32:42 - BTC-Generator - INFO - Prediction: $62,320.91 (Current: $62,269.79, Change: +0.08%, Model: xgboost)
2026-06-23 06:47:42 - BTC-Generator - INFO - [2026-06-23 06:47:42] Making prediction #23...
2026-06-23 06:47:42 - BTC-Generator - INFO - Prediction: $62,229.94 (Current: $62,182.71, Change: +0.08%, Model: xgboost)
2026-06-23 07:02:42 - BTC-Generator - INFO - [2026-06-23 07:02:42] Making prediction #24...
2026-06-23 07:02:42 - BTC-Generator - INFO - Prediction: $62,364.62 (Current: $62,312.03, Change: +0.08%, Model: xgboost)
2026-06-23 07:17:42 - BTC-Generator - INFO - [2026-06-23 07:17:42] Making prediction #25...
2026-06-23 07:17:42 - BTC-Generator - INFO - Prediction: $62,380.40 (Current: $62,333.46, Change: +0.08%, Model: xgboost)
2026-06-23 07:32:42 - BTC-Generator - INFO - [2026-06-23 07:32:42] Making prediction #26...
2026-06-23 07:32:42 - BTC-Generator - INFO - Prediction: $62,586.77 (Current: $62,544.00, Change: +0.07%, Model: xgboost)
2026-06-23 07:47:43 - BTC-Generator - INFO - [2026-06-23 07:47:43] Making prediction #27...
2026-06-23 07:47:43 - BTC-Generator - INFO - Prediction: $62,451.88 (Current: $62,436.00, Change: +0.03%, Model: xgboost)
2026-06-23 08:02:43 - BTC-Generator - INFO - [2026-06-23 08:02:43] Making prediction #28...
2026-06-23 08:02:43 - BTC-Generator - INFO - Prediction: $62,560.14 (Current: $62,478.50, Change: +0.13%, Model: xgboost)
2026-06-23 08:17:43 - BTC-Generator - INFO - [2026-06-23 08:17:43] Making prediction #29...
2026-06-23 08:17:43 - BTC-Generator - INFO - Prediction: $62,403.57 (Current: $62,322.29, Change: +0.13%, Model: xgboost)
2026-06-23 08:32:43 - BTC-Generator - INFO - [2026-06-23 08:32:43] Making prediction #30...
2026-06-23 08:32:43 - BTC-Generator - INFO - Prediction: $62,393.30 (Current: $62,334.00, Change: +0.10%, Model: xgboost)
2026-06-23 08:47:43 - BTC-Generator - INFO - [2026-06-23 08:47:43] Making prediction #31...
2026-06-23 08:47:43 - BTC-Generator - INFO - Prediction: $62,296.79 (Current: $62,238.53, Change: +0.09%, Model: xgboost)
2026-06-23 09:02:44 - BTC-Generator - INFO - [2026-06-23 09:02:44] Making prediction #32...
2026-06-23 09:02:44 - BTC-Generator - INFO - Prediction: $62,263.55 (Current: $62,201.18, Change: +0.10%, Model: xgboost)
2026-06-23 09:17:44 - BTC-Generator - INFO - [2026-06-23 09:17:44] Making prediction #33...
2026-06-23 09:17:44 - BTC-Generator - INFO - Prediction: $62,103.65 (Current: $62,042.33, Change: +0.10%, Model: xgboost)
2026-06-23 09:32:44 - BTC-Generator - INFO - [2026-06-23 09:32:44] Making prediction #34...
2026-06-23 09:32:44 - BTC-Generator - INFO - Prediction: $62,353.06 (Current: $62,291.20, Change: +0.10%, Model: xgboost)
2026-06-23 09:47:44 - BTC-Generator - INFO - [2026-06-23 09:47:44] Making prediction #35...
2026-06-23 09:47:44 - BTC-Generator - INFO - Prediction: $62,207.36 (Current: $62,253.03, Change: -0.07%, Model: xgboost)
2026-06-23 10:02:44 - BTC-Generator - INFO - [2026-06-23 10:02:44] Making prediction #36...
2026-06-23 10:02:45 - BTC-Generator - INFO - Prediction: $62,450.52 (Current: $62,511.06, Change: -0.10%, Model: xgboost)
2026-06-23 10:17:45 - BTC-Generator - INFO - [2026-06-23 10:17:45] Making prediction #37...
2026-06-23 10:17:45 - BTC-Generator - INFO - Prediction: $62,687.73 (Current: $62,675.43, Change: +0.02%, Model: xgboost)
2026-06-23 10:32:45 - BTC-Generator - INFO - [2026-06-23 10:32:45] Making prediction #38...
2026-06-23 10:32:45 - BTC-Generator - INFO - Prediction: $62,212.91 (Current: $62,393.75, Change: -0.29%, Model: xgboost)
2026-06-23 10:47:45 - BTC-Generator - INFO - [2026-06-23 10:47:45] Making prediction #39...
2026-06-23 10:47:45 - BTC-Generator - INFO - Prediction: $62,423.12 (Current: $62,398.68, Change: +0.04%, Model: xgboost)
2026-06-23 11:02:45 - BTC-Generator - INFO - [2026-06-23 11:02:45] Making prediction #40...
2026-06-23 11:02:45 - BTC-Generator - INFO - Prediction: $62,450.79 (Current: $62,368.77, Change: +0.13%, Model: xgboost)
2026-06-23 11:17:45 - BTC-Generator - INFO - [2026-06-23 11:17:45] Making prediction #41...
2026-06-23 11:17:46 - BTC-Generator - INFO - Prediction: $62,263.45 (Current: $62,223.18, Change: +0.06%, Model: xgboost)
2026-06-23 11:32:46 - BTC-Generator - INFO - [2026-06-23 11:32:46] Making prediction #42...
2026-06-23 11:32:46 - BTC-Generator - INFO - Prediction: $62,385.52 (Current: $62,315.00, Change: +0.11%, Model: xgboost)
2026-06-23 11:47:46 - BTC-Generator - INFO - [2026-06-23 11:47:46] Making prediction #43...
2026-06-23 11:47:46 - BTC-Generator - INFO - Prediction: $62,225.73 (Current: $62,155.83, Change: +0.11%, Model: xgboost)
2026-06-23 12:02:46 - BTC-Generator - INFO - [2026-06-23 12:02:46] Making prediction #44...
2026-06-23 12:02:46 - BTC-Generator - INFO - Prediction: $62,415.54 (Current: $62,387.06, Change: +0.05%, Model: xgboost)
2026-06-23 12:17:46 - BTC-Generator - INFO - [2026-06-23 12:17:46] Making prediction #45...
2026-06-23 12:17:46 - BTC-Generator - INFO - Prediction: $62,623.56 (Current: $62,569.02, Change: +0.09%, Model: xgboost)
2026-06-23 12:32:47 - BTC-Generator - INFO - [2026-06-23 12:32:47] Making prediction #46...
2026-06-23 12:32:47 - BTC-Generator - INFO - Prediction: $62,422.30 (Current: $62,513.89, Change: -0.15%, Model: xgboost)
2026-06-23 12:47:47 - BTC-Generator - INFO - [2026-06-23 12:47:47] Making prediction #47...
2026-06-23 12:47:47 - BTC-Generator - INFO - Prediction: $62,565.74 (Current: $62,515.21, Change: +0.08%, Model: xgboost)
2026-06-23 13:02:47 - BTC-Generator - INFO - [2026-06-23 13:02:47] Making prediction #48...
2026-06-23 13:02:47 - BTC-Generator - INFO - Prediction: $62,485.89 (Current: $62,421.10, Change: +0.10%, Model: xgboost)
2026-06-23 13:17:47 - BTC-Generator - INFO - [2026-06-23 13:17:47] Making prediction #49...
2026-06-23 13:17:47 - BTC-Generator - INFO - Prediction: $62,433.33 (Current: $62,400.02, Change: +0.05%, Model: xgboost)
2026-06-23 13:32:47 - BTC-Generator - INFO - [2026-06-23 13:32:47] Making prediction #50...
2026-06-23 13:32:47 - BTC-Generator - INFO - Prediction: $62,527.10 (Current: $62,430.50, Change: +0.15%, Model: xgboost)
2026-06-23 13:47:48 - BTC-Generator - INFO - [2026-06-23 13:47:48] Making prediction #51...
2026-06-23 13:47:48 - BTC-Generator - INFO - Prediction: $62,438.93 (Current: $62,418.64, Change: +0.03%, Model: xgboost)
2026-06-23 14:02:48 - BTC-Generator - INFO - [2026-06-23 14:02:48] Making prediction #52...
2026-06-23 14:02:48 - BTC-Generator - INFO - Prediction: $62,436.27 (Current: $62,368.00, Change: +0.11%, Model: xgboost)
2026-06-23 14:17:48 - BTC-Generator - INFO - [2026-06-23 14:17:48] Making prediction #53...
2026-06-23 14:17:48 - BTC-Generator - INFO - Prediction: $62,304.58 (Current: $62,246.96, Change: +0.09%, Model: xgboost)
2026-06-23 14:32:48 - BTC-Generator - INFO - [2026-06-23 14:32:48] Making prediction #54...
2026-06-23 14:32:48 - BTC-Generator - INFO - Prediction: $62,271.12 (Current: $62,214.42, Change: +0.09%, Model: xgboost)
2026-06-23 14:47:48 - BTC-Generator - INFO - [2026-06-23 14:47:48] Making prediction #55...
2026-06-23 14:47:49 - BTC-Generator - INFO - Prediction: $62,078.36 (Current: $62,034.31, Change: +0.07%, Model: xgboost)
2026-06-23 15:02:49 - BTC-Generator - INFO - [2026-06-23 15:02:49] Making prediction #56...
2026-06-23 15:02:49 - BTC-Generator - INFO - Prediction: $62,283.98 (Current: $62,168.43, Change: +0.19%, Model: xgboost)
2026-06-23 15:17:49 - BTC-Generator - INFO - [2026-06-23 15:17:49] Making prediction #57...
2026-06-23 15:17:49 - BTC-Generator - INFO - Prediction: $62,294.50 (Current: $62,235.03, Change: +0.10%, Model: xgboost)
2026-06-23 15:32:49 - BTC-Generator - INFO - [2026-06-23 15:32:49] Making prediction #58...
2026-06-23 15:32:49 - BTC-Generator - INFO - Prediction: $62,355.67 (Current: $62,334.86, Change: +0.03%, Model: xgboost)
2026-06-23 15:41:54 - BTC-Generator - INFO - Received shutdown signal
2026-06-23 15:41:54 - BTC-Generator - INFO - Prediction generator stopped. Total predictions: 58
