2026-07-08 22:07:31 - BTC-Collector - INFO - BTC collector started (interval=5s)
2026-07-08 22:07:31 - DataStore - ERROR - [BTC] save_price error: table prices has no column named created_at
2026-07-08 22:07:36 - DataStore - ERROR - [BTC] save_price error: table prices has no column named created_at
2026-07-08 22:07:41 - DataStore - ERROR - [BTC] save_price error: table prices has no column named created_at
2026-07-08 22:07:46 - DataStore - ERROR - [BTC] save_price error: table prices has no column named created_at
2026-07-08 22:08:05 - BTC-Collector - INFO - Shutdown signal received
2026-07-08 22:08:05 - BTC-Collector - ERROR - Unexpected error from Coinbase: ('Connection aborted.', ConnectionResetError(104, 'Connection reset by peer'))
2026-07-09 00:36:52 - BTC-Collector - INFO - BTC collector started (interval=5s)
2026-07-09 00:37:06 - BTC-Collector - INFO - Shutdown signal received
2026-07-09 00:37:08 - BTC-Collector - INFO - Collector stopped. Stats: {'total': 3, 'success': 3, 'fail': 0, 'api_stats': {'Coinbase': {'successes': 2, 'failures': 0, 'last_call': 1783571823.3847332, 'circuit_open': False, 'last_failure': 0}, 'Kraken': {'successes': 1, 'failures': 0, 'last_call': 1783571818.2161646, 'circuit_open': False, 'last_failure': 0}, 'Binance': {'successes': 0, 'failures': 0, 'last_call': 0, 'circuit_open': False, 'last_failure': 0}}}
2026-07-09 00:37:16 - BTC-Collector - INFO - BTC collector started (interval=5s)
2026-07-09 00:37:30 - BTC-Collector - INFO - Shutdown signal received
2026-07-09 00:37:32 - BTC-Collector - INFO - Collector stopped. Stats: {'total': 3, 'success': 3, 'fail': 0, 'api_stats': {'Coinbase': {'successes': 2, 'failures': 0, 'last_call': 1783571847.3851688, 'circuit_open': False, 'last_failure': 0}, 'Kraken': {'successes': 1, 'failures': 0, 'last_call': 1783571842.2661552, 'circuit_open': False, 'last_failure': 0}, 'Binance': {'successes': 0, 'failures': 0, 'last_call': 0, 'circuit_open': False, 'last_failure': 0}}}
2026-07-09 00:37:50 - BTC-Collector - INFO - BTC collector started (interval=5s)
2026-07-09 00:38:19 - BTC-Collector - INFO - Shutdown signal received
2026-07-09 00:38:21 - BTC-Collector - INFO - Collector stopped. Stats: {'total': 6, 'success': 6, 'fail': 0, 'api_stats': {'Coinbase': {'successes': 3, 'failures': 0, 'last_call': 1783571891.3204122, 'circuit_open': False, 'last_failure': 0}, 'Kraken': {'successes': 3, 'failures': 0, 'last_call': 1783571896.4775972, 'circuit_open': False, 'last_failure': 0}, 'Binance': {'successes': 0, 'failures': 0, 'last_call': 0, 'circuit_open': False, 'last_failure': 0}}}
2026-07-09 00:38:55 - BTC-Collector - INFO - BTC collector started (interval=5s)
2026-07-09 00:39:24 - BTC-Collector - INFO - Shutdown signal received
2026-07-09 00:39:26 - BTC-Collector - INFO - Collector stopped. Stats: {'total': 6, 'success': 6, 'fail': 0, 'api_stats': {'Coinbase': {'successes': 3, 'failures': 0, 'last_call': 1783571956.5869079, 'circuit_open': False, 'last_failure': 0}, 'Kraken': {'successes': 3, 'failures': 0, 'last_call': 1783571961.750675, 'circuit_open': False, 'last_failure': 0}, 'Binance': {'successes': 0, 'failures': 0, 'last_call': 0, 'circuit_open': False, 'last_failure': 0}}}
2026-07-09 00:40:07 - BTC-Collector - INFO - BTC collector started (interval=5s)
2026-07-09 00:40:36 - BTC-Collector - INFO - Shutdown signal received
2026-07-09 00:40:38 - BTC-Collector - INFO - Collector stopped. Stats: {'total': 6, 'success': 6, 'fail': 0, 'api_stats': {'Coinbase': {'successes': 3, 'failures': 0, 'last_call': 1783572028.4038568, 'circuit_open': False, 'last_failure': 0}, 'Kraken': {'successes': 3, 'failures': 0, 'last_call': 1783572033.5673678, 'circuit_open': False, 'last_failure': 0}, 'Binance': {'successes': 0, 'failures': 0, 'last_call': 0, 'circuit_open': False, 'last_failure': 0}}}
2026-07-09 00:40:55 - BTC-Collector - INFO - BTC collector started (interval=5s)
2026-07-09 00:41:52 - BTC-Collector - INFO - BTC: $62,235.7000 (source: Kraken, total: 12)
2026-07-09 00:42:24 - BTC-Collector - INFO - Shutdown signal received
2026-07-09 00:42:29 - BTC-Collector - INFO - Collector stopped. Stats: {'total': 18, 'success': 18, 'fail': 0, 'api_stats': {'Coinbase': {'successes': 9, 'failures': 0, 'last_call': 1783572138.8728592, 'circuit_open': False, 'last_failure': 0}, 'Kraken': {'successes': 9, 'failures': 0, 'last_call': 1783572144.1528363, 'circuit_open': False, 'last_failure': 0}, 'Binance': {'successes': 0, 'failures': 0, 'last_call': 0, 'circuit_open': False, 'last_failure': 0}}}
2026-07-09 00:46:55 - BTC-Collector - INFO - BTC collector started (interval=5s)
2026-07-09 00:47:53 - BTC-Collector - INFO - BTC: $62,259.1000 (source: Kraken, total: 12)
2026-07-09 00:47:54 - BTC-Collector - INFO - Shutdown signal received
2026-07-09 00:47:58 - BTC-Collector - INFO - Collector stopped. Stats: {'total': 12, 'success': 12, 'fail': 0, 'api_stats': {'Coinbase': {'successes': 6, 'failures': 0, 'last_call': 1783572467.9966407, 'circuit_open': False, 'last_failure': 0}, 'Kraken': {'successes': 6, 'failures': 0, 'last_call': 1783572473.3316298, 'circuit_open': False, 'last_failure': 0}, 'Binance': {'successes': 0, 'failures': 0, 'last_call': 0, 'circuit_open': False, 'last_failure': 0}}}
2026-07-09 00:48:42 - BTC-Collector - INFO - BTC collector started (interval=5s)
2026-07-09 00:49:01 - BTC-Collector - INFO - Shutdown signal received
2026-07-09 00:49:03 - BTC-Collector - INFO - Collector stopped. Stats: {'total': 4, 'success': 4, 'fail': 0, 'api_stats': {'Coinbase': {'successes': 2, 'failures': 0, 'last_call': 1783572533.427497, 'circuit_open': False, 'last_failure': 0}, 'Kraken': {'successes': 2, 'failures': 0, 'last_call': 1783572538.6338964, 'circuit_open': False, 'last_failure': 0}, 'Binance': {'successes': 0, 'failures': 0, 'last_call': 0, 'circuit_open': False, 'last_failure': 0}}}
2026-07-09 00:49:21 - BTC-Collector - INFO - BTC collector started (interval=5s)
2026-07-09 00:49:50 - BTC-Collector - INFO - Shutdown signal received
2026-07-09 00:49:53 - BTC-Collector - INFO - Collector stopped. Stats: {'total': 6, 'success': 6, 'fail': 0, 'api_stats': {'Coinbase': {'successes': 3, 'failures': 0, 'last_call': 1783572582.8337982, 'circuit_open': False, 'last_failure': 0}, 'Kraken': {'successes': 3, 'failures': 0, 'last_call': 1783572588.048968, 'circuit_open': False, 'last_failure': 0}, 'Binance': {'successes': 0, 'failures': 0, 'last_call': 0, 'circuit_open': False, 'last_failure': 0}}}
2026-07-09 03:35:51 - BTC-Collector - INFO - BTC collector started (interval=5s)
2026-07-09 03:36:48 - BTC-Collector - INFO - BTC: $62,768.4000 (source: Kraken, total: 12)
2026-07-09 03:37:50 - BTC-Collector - INFO - BTC: $62,761.7000 (source: Kraken, total: 24)
2026-07-09 03:38:52 - BTC-Collector - INFO - BTC: $62,766.8000 (source: Kraken, total: 36)
2026-07-09 03:39:54 - BTC-Collector - INFO - BTC: $62,764.7000 (source: Kraken, total: 48)
2026-07-09 03:40:57 - BTC-Collector - INFO - BTC: $62,774.3000 (source: Kraken, total: 60)
2026-07-09 03:41:59 - BTC-Collector - INFO - BTC: $62,781.2000 (source: Kraken, total: 72)
2026-07-09 03:43:01 - BTC-Collector - INFO - BTC: $62,851.8000 (source: Kraken, total: 84)
2026-07-09 03:44:03 - BTC-Collector - INFO - BTC: $62,919.3000 (source: Kraken, total: 96)
2026-07-09 03:45:04 - BTC-Collector - INFO - BTC: $62,977.7000 (source: Kraken, total: 108)
2026-07-09 03:46:06 - BTC-Collector - INFO - BTC: $63,004.3000 (source: Kraken, total: 120)
2026-07-09 03:47:08 - BTC-Collector - INFO - BTC: $63,080.6000 (source: Kraken, total: 132)
2026-07-09 03:48:10 - BTC-Collector - INFO - BTC: $63,094.8000 (source: Kraken, total: 144)
2026-07-09 03:49:12 - BTC-Collector - INFO - BTC: $63,076.2000 (source: Kraken, total: 156)
2026-07-09 03:50:14 - BTC-Collector - INFO - BTC: $63,072.0000 (source: Kraken, total: 168)
2026-07-09 03:51:15 - BTC-Collector - INFO - BTC: $63,071.9000 (source: Kraken, total: 180)
2026-07-09 03:52:17 - BTC-Collector - INFO - BTC: $63,103.2000 (source: Kraken, total: 192)
2026-07-09 03:53:19 - BTC-Collector - INFO - BTC: $63,078.5000 (source: Kraken, total: 204)
2026-07-09 03:54:04 - BTC-Collector - ERROR - Unexpected error from Coinbase: HTTPSConnectionPool(host='api.coinbase.com', port=443): Max retries exceeded with url: /v2/prices/BTC-USD/spot (Caused by NewConnectionError("HTTPSConnection(host='api.coinbase.com', port=443): Failed to establish a new connection: [Errno 101] Network is unreachable"))
2026-07-09 03:54:26 - BTC-Collector - ERROR - Unexpected error from Kraken: ('Connection aborted.', ConnectionResetError(104, 'Connection reset by peer'))
2026-07-09 03:54:32 - BTC-Collector - WARNING - HTTP 451 from Binance
2026-07-09 03:54:32 - BTC-Collector - WARNING - No price from any source (consecutive: 1)
2026-07-09 03:55:28 - BTC-Collector - INFO - BTC: $63,043.8000 (source: Kraken, total: 216)
2026-07-09 03:56:30 - BTC-Collector - INFO - BTC: $63,001.0000 (source: Kraken, total: 228)
2026-07-09 03:58:02 - BTC-Collector - WARNING - Timeout from Kraken
2026-07-09 03:58:06 - BTC-Collector - WARNING - HTTP 451 from Binance
2026-07-09 03:58:06 - BTC-Collector - WARNING - No price from any source (consecutive: 1)
2026-07-09 03:58:17 - BTC-Collector - INFO - BTC: $62,934.4150 (source: Coinbase, total: 240)
2026-07-09 03:58:41 - BTC-Collector - ERROR - Unexpected error from Coinbase: ('Connection aborted.', ConnectionResetError(104, 'Connection reset by peer'))
2026-07-09 03:59:57 - BTC-Collector - WARNING - Timeout from Kraken
2026-07-09 04:00:14 - BTC-Collector - WARNING - HTTP 451 from Binance
2026-07-09 04:00:14 - BTC-Collector - WARNING - No price from any source (consecutive: 1)
2026-07-09 04:00:30 - BTC-Collector - INFO - BTC: $62,944.1650 (source: Coinbase, total: 252)
2026-07-09 04:01:31 - BTC-Collector - INFO - BTC: $62,902.3650 (source: Coinbase, total: 264)
2026-07-09 04:02:33 - BTC-Collector - INFO - BTC: $62,929.5950 (source: Coinbase, total: 276)
2026-07-09 04:03:35 - BTC-Collector - INFO - BTC: $62,889.4550 (source: Coinbase, total: 288)
2026-07-09 04:04:37 - BTC-Collector - INFO - BTC: $62,940.8150 (source: Coinbase, total: 300)
2026-07-09 04:05:38 - BTC-Collector - INFO - BTC: $62,904.5650 (source: Coinbase, total: 312)
2026-07-09 04:06:40 - BTC-Collector - INFO - BTC: $62,901.0750 (source: Coinbase, total: 324)
2026-07-09 04:07:42 - BTC-Collector - INFO - BTC: $62,931.0350 (source: Coinbase, total: 336)
2026-07-09 04:08:43 - BTC-Collector - INFO - BTC: $62,899.5450 (source: Coinbase, total: 348)
2026-07-09 04:09:45 - BTC-Collector - INFO - BTC: $62,892.0050 (source: Coinbase, total: 360)
2026-07-09 04:10:47 - BTC-Collector - INFO - BTC: $62,882.1550 (source: Coinbase, total: 372)
2026-07-09 04:11:49 - BTC-Collector - INFO - BTC: $62,907.6050 (source: Coinbase, total: 384)
2026-07-09 04:12:50 - BTC-Collector - INFO - BTC: $62,872.3550 (source: Coinbase, total: 396)
2026-07-09 04:13:52 - BTC-Collector - INFO - BTC: $62,896.0050 (source: Coinbase, total: 408)
2026-07-09 04:14:54 - BTC-Collector - INFO - BTC: $62,891.9550 (source: Coinbase, total: 420)
2026-07-09 04:15:56 - BTC-Collector - INFO - BTC: $62,872.3650 (source: Coinbase, total: 432)
2026-07-09 04:17:05 - BTC-Collector - INFO - BTC: $62,902.5450 (source: Coinbase, total: 444)
2026-07-09 04:18:08 - BTC-Collector - INFO - BTC: $62,906.5950 (source: Coinbase, total: 456)
2026-07-09 04:19:10 - BTC-Collector - INFO - BTC: $62,891.9250 (source: Coinbase, total: 468)
2026-07-09 04:20:12 - BTC-Collector - INFO - BTC: $62,915.8050 (source: Coinbase, total: 480)
2026-07-09 04:21:14 - BTC-Collector - INFO - BTC: $62,974.1450 (source: Coinbase, total: 492)
2026-07-09 04:22:16 - BTC-Collector - INFO - BTC: $62,980.0150 (source: Coinbase, total: 504)
2026-07-09 04:23:19 - BTC-Collector - INFO - BTC: $62,978.7050 (source: Coinbase, total: 516)
2026-07-09 04:24:20 - BTC-Collector - INFO - BTC: $62,975.9750 (source: Coinbase, total: 528)
2026-07-09 04:25:22 - BTC-Collector - INFO - BTC: $62,953.0250 (source: Coinbase, total: 540)
2026-07-09 04:26:23 - BTC-Collector - INFO - BTC: $62,950.2950 (source: Coinbase, total: 552)
2026-07-09 04:27:25 - BTC-Collector - INFO - BTC: $62,970.0450 (source: Coinbase, total: 564)
2026-07-09 04:28:27 - BTC-Collector - INFO - BTC: $62,977.4050 (source: Coinbase, total: 576)
2026-07-09 04:29:29 - BTC-Collector - INFO - BTC: $62,976.6850 (source: Coinbase, total: 588)
2026-07-09 04:30:30 - BTC-Collector - INFO - BTC: $62,971.4050 (source: Coinbase, total: 600)
2026-07-09 04:31:32 - BTC-Collector - INFO - BTC: $62,971.0250 (source: Coinbase, total: 612)
2026-07-09 04:32:34 - BTC-Collector - INFO - BTC: $62,970.3350 (source: Coinbase, total: 624)
2026-07-09 04:33:35 - BTC-Collector - INFO - BTC: $62,948.7050 (source: Coinbase, total: 636)
2026-07-09 04:34:37 - BTC-Collector - INFO - BTC: $62,932.8050 (source: Coinbase, total: 648)
2026-07-09 04:35:39 - BTC-Collector - INFO - BTC: $62,941.3500 (source: Coinbase, total: 660)
2026-07-09 04:36:40 - BTC-Collector - INFO - BTC: $62,941.8750 (source: Coinbase, total: 672)
2026-07-09 04:37:42 - BTC-Collector - INFO - BTC: $62,931.0450 (source: Coinbase, total: 684)
2026-07-09 04:38:44 - BTC-Collector - INFO - BTC: $62,971.7500 (source: Coinbase, total: 696)
2026-07-09 04:39:45 - BTC-Collector - INFO - BTC: $63,016.0050 (source: Coinbase, total: 708)
2026-07-09 04:41:03 - BTC-Collector - INFO - BTC: $62,999.5150 (source: Coinbase, total: 720)
2026-07-09 04:42:22 - BTC-Collector - WARNING - Timeout from Kraken
2026-07-09 04:42:35 - BTC-Collector - WARNING - HTTP 451 from Binance
2026-07-09 04:42:35 - BTC-Collector - WARNING - No price from any source (consecutive: 1)
2026-07-09 04:42:46 - BTC-Collector - INFO - BTC: $62,993.6000 (source: Kraken, total: 732)
2026-07-09 04:43:48 - BTC-Collector - INFO - BTC: $62,969.9000 (source: Kraken, total: 744)
2026-07-09 04:44:50 - BTC-Collector - INFO - BTC: $62,992.5000 (source: Kraken, total: 756)
2026-07-09 04:45:52 - BTC-Collector - INFO - BTC: $62,967.8000 (source: Kraken, total: 768)
2026-07-09 04:46:54 - BTC-Collector - INFO - BTC: $62,941.2000 (source: Kraken, total: 780)
2026-07-09 04:47:55 - BTC-Collector - INFO - BTC: $62,941.2000 (source: Kraken, total: 792)
2026-07-09 04:48:57 - BTC-Collector - INFO - BTC: $62,904.9000 (source: Kraken, total: 804)
2026-07-09 04:49:59 - BTC-Collector - INFO - BTC: $62,896.3000 (source: Kraken, total: 816)
2026-07-09 04:51:01 - BTC-Collector - INFO - BTC: $62,875.4000 (source: Kraken, total: 828)
2026-07-09 04:52:02 - BTC-Collector - INFO - BTC: $62,873.1000 (source: Kraken, total: 840)
2026-07-09 04:53:04 - BTC-Collector - INFO - BTC: $62,839.0000 (source: Kraken, total: 852)
2026-07-09 04:54:06 - BTC-Collector - INFO - BTC: $62,862.1000 (source: Kraken, total: 864)
2026-07-09 04:55:07 - BTC-Collector - INFO - BTC: $62,863.7000 (source: Kraken, total: 876)
2026-07-09 04:56:09 - BTC-Collector - INFO - BTC: $62,863.7000 (source: Kraken, total: 888)
2026-07-09 04:57:11 - BTC-Collector - INFO - BTC: $62,860.0000 (source: Kraken, total: 900)
2026-07-09 04:58:13 - BTC-Collector - INFO - BTC: $62,830.1000 (source: Kraken, total: 912)
2026-07-09 04:59:14 - BTC-Collector - INFO - BTC: $62,839.4000 (source: Kraken, total: 924)
2026-07-09 05:00:16 - BTC-Collector - INFO - BTC: $62,846.5000 (source: Kraken, total: 936)
2026-07-09 05:01:18 - BTC-Collector - INFO - BTC: $62,808.9000 (source: Kraken, total: 948)
2026-07-09 05:02:19 - BTC-Collector - INFO - BTC: $62,847.9000 (source: Kraken, total: 960)
2026-07-09 05:03:21 - BTC-Collector - INFO - BTC: $62,861.1000 (source: Kraken, total: 972)
2026-07-09 05:04:23 - BTC-Collector - INFO - BTC: $62,828.3000 (source: Kraken, total: 984)
2026-07-09 05:05:24 - BTC-Collector - INFO - BTC: $62,808.8000 (source: Kraken, total: 996)
2026-07-09 05:06:26 - BTC-Collector - INFO - BTC: $62,808.8000 (source: Kraken, total: 1008)
2026-07-09 05:07:28 - BTC-Collector - INFO - BTC: $62,786.3000 (source: Kraken, total: 1020)
2026-07-09 05:08:30 - BTC-Collector - INFO - BTC: $62,771.1000 (source: Kraken, total: 1032)
2026-07-09 05:09:31 - BTC-Collector - INFO - BTC: $62,771.1000 (source: Kraken, total: 1044)
2026-07-09 05:10:33 - BTC-Collector - INFO - BTC: $62,778.7000 (source: Kraken, total: 1056)
2026-07-09 05:11:35 - BTC-Collector - INFO - BTC: $62,804.8000 (source: Kraken, total: 1068)
2026-07-09 05:12:37 - BTC-Collector - INFO - BTC: $62,840.3000 (source: Kraken, total: 1080)
2026-07-09 05:13:39 - BTC-Collector - INFO - BTC: $62,824.3000 (source: Kraken, total: 1092)
2026-07-09 05:14:40 - BTC-Collector - INFO - BTC: $62,815.4000 (source: Kraken, total: 1104)
2026-07-09 05:15:42 - BTC-Collector - INFO - BTC: $62,802.3000 (source: Kraken, total: 1116)
2026-07-09 05:16:44 - BTC-Collector - INFO - BTC: $62,785.6000 (source: Kraken, total: 1128)
2026-07-09 05:17:45 - BTC-Collector - INFO - BTC: $62,800.7000 (source: Kraken, total: 1140)
2026-07-09 05:18:47 - BTC-Collector - INFO - BTC: $62,821.4000 (source: Kraken, total: 1152)
2026-07-09 05:19:48 - BTC-Collector - INFO - BTC: $62,805.0000 (source: Kraken, total: 1164)
2026-07-09 05:20:50 - BTC-Collector - INFO - BTC: $62,788.1000 (source: Kraken, total: 1176)
2026-07-09 05:21:52 - BTC-Collector - INFO - BTC: $62,817.9000 (source: Kraken, total: 1188)
2026-07-09 05:22:54 - BTC-Collector - INFO - BTC: $62,788.1000 (source: Kraken, total: 1200)
2026-07-09 05:23:55 - BTC-Collector - INFO - BTC: $62,794.8000 (source: Kraken, total: 1212)
2026-07-09 05:24:57 - BTC-Collector - INFO - BTC: $62,793.9000 (source: Kraken, total: 1224)
2026-07-09 05:25:59 - BTC-Collector - INFO - BTC: $62,806.4000 (source: Kraken, total: 1236)
2026-07-09 05:27:01 - BTC-Collector - INFO - BTC: $62,848.4000 (source: Kraken, total: 1248)
2026-07-09 05:28:02 - BTC-Collector - INFO - BTC: $62,854.2000 (source: Kraken, total: 1260)
2026-07-09 05:29:04 - BTC-Collector - INFO - BTC: $62,867.3000 (source: Kraken, total: 1272)
2026-07-09 05:30:05 - BTC-Collector - INFO - BTC: $62,864.2000 (source: Kraken, total: 1284)
2026-07-09 05:31:07 - BTC-Collector - INFO - BTC: $62,856.6000 (source: Kraken, total: 1296)
2026-07-09 05:32:09 - BTC-Collector - INFO - BTC: $62,875.3000 (source: Kraken, total: 1308)
2026-07-09 05:33:10 - BTC-Collector - INFO - BTC: $62,905.3000 (source: Kraken, total: 1320)
2026-07-09 05:34:12 - BTC-Collector - INFO - BTC: $62,922.2000 (source: Kraken, total: 1332)
2026-07-09 05:35:13 - BTC-Collector - INFO - BTC: $62,921.9000 (source: Kraken, total: 1344)
2026-07-09 05:36:15 - BTC-Collector - INFO - BTC: $62,920.1000 (source: Kraken, total: 1356)
2026-07-09 05:37:16 - BTC-Collector - INFO - BTC: $62,901.6000 (source: Kraken, total: 1368)
2026-07-09 05:38:18 - BTC-Collector - INFO - BTC: $62,890.2000 (source: Kraken, total: 1380)
2026-07-09 05:39:19 - BTC-Collector - INFO - BTC: $62,894.5000 (source: Kraken, total: 1392)
2026-07-09 05:40:21 - BTC-Collector - INFO - BTC: $62,922.8000 (source: Kraken, total: 1404)
2026-07-09 05:41:23 - BTC-Collector - INFO - BTC: $62,868.2000 (source: Kraken, total: 1416)
2026-07-09 05:42:24 - BTC-Collector - INFO - BTC: $62,811.6000 (source: Kraken, total: 1428)
2026-07-09 05:43:26 - BTC-Collector - INFO - BTC: $62,741.1000 (source: Kraken, total: 1440)
2026-07-09 05:44:27 - BTC-Collector - INFO - BTC: $62,736.6000 (source: Kraken, total: 1452)
2026-07-09 05:45:29 - BTC-Collector - INFO - BTC: $62,757.4000 (source: Kraken, total: 1464)
2026-07-09 05:46:31 - BTC-Collector - INFO - BTC: $62,752.1000 (source: Kraken, total: 1476)
2026-07-09 05:47:32 - BTC-Collector - INFO - BTC: $62,792.2000 (source: Kraken, total: 1488)
2026-07-09 05:48:34 - BTC-Collector - INFO - BTC: $62,802.9000 (source: Kraken, total: 1500)
2026-07-09 05:49:35 - BTC-Collector - INFO - BTC: $62,818.6000 (source: Kraken, total: 1512)
2026-07-09 05:50:37 - BTC-Collector - INFO - BTC: $62,837.4000 (source: Kraken, total: 1524)
2026-07-09 05:51:39 - BTC-Collector - INFO - BTC: $62,851.9000 (source: Kraken, total: 1536)
2026-07-09 05:52:40 - BTC-Collector - INFO - BTC: $62,831.7000 (source: Kraken, total: 1548)
2026-07-09 05:53:42 - BTC-Collector - INFO - BTC: $62,850.3000 (source: Kraken, total: 1560)
2026-07-09 05:54:43 - BTC-Collector - INFO - BTC: $62,856.8000 (source: Kraken, total: 1572)
2026-07-09 05:55:45 - BTC-Collector - INFO - BTC: $62,886.6000 (source: Kraken, total: 1584)
2026-07-09 05:56:46 - BTC-Collector - INFO - BTC: $62,892.1000 (source: Kraken, total: 1596)
2026-07-09 05:57:48 - BTC-Collector - INFO - BTC: $62,909.7000 (source: Kraken, total: 1608)
2026-07-09 05:58:49 - BTC-Collector - INFO - BTC: $62,900.0000 (source: Kraken, total: 1620)
2026-07-09 05:59:51 - BTC-Collector - INFO - BTC: $62,900.0000 (source: Kraken, total: 1632)
2026-07-09 06:00:52 - BTC-Collector - INFO - BTC: $62,877.0000 (source: Kraken, total: 1644)
2026-07-09 06:01:54 - BTC-Collector - INFO - BTC: $62,860.4000 (source: Kraken, total: 1656)
2026-07-09 06:02:56 - BTC-Collector - INFO - BTC: $62,870.2000 (source: Kraken, total: 1668)
2026-07-09 06:03:57 - BTC-Collector - INFO - BTC: $62,865.5000 (source: Kraken, total: 1680)
2026-07-09 06:04:59 - BTC-Collector - INFO - BTC: $62,880.6000 (source: Kraken, total: 1692)
2026-07-09 06:06:00 - BTC-Collector - INFO - BTC: $62,887.0000 (source: Kraken, total: 1704)
2026-07-09 06:07:02 - BTC-Collector - INFO - BTC: $62,906.1000 (source: Kraken, total: 1716)
2026-07-09 06:08:03 - BTC-Collector - INFO - BTC: $62,939.0000 (source: Kraken, total: 1728)
2026-07-09 06:09:05 - BTC-Collector - INFO - BTC: $62,939.1000 (source: Kraken, total: 1740)
2026-07-09 06:10:07 - BTC-Collector - INFO - BTC: $62,948.5000 (source: Kraken, total: 1752)
2026-07-09 06:11:08 - BTC-Collector - INFO - BTC: $62,961.5000 (source: Kraken, total: 1764)
2026-07-09 06:12:10 - BTC-Collector - INFO - BTC: $62,944.6000 (source: Kraken, total: 1776)
2026-07-09 06:13:11 - BTC-Collector - INFO - BTC: $62,954.6000 (source: Kraken, total: 1788)
2026-07-09 06:14:13 - BTC-Collector - INFO - BTC: $62,939.0000 (source: Kraken, total: 1800)
2026-07-09 06:15:14 - BTC-Collector - INFO - BTC: $62,953.0000 (source: Kraken, total: 1812)
2026-07-09 06:16:16 - BTC-Collector - INFO - BTC: $62,939.1000 (source: Kraken, total: 1824)
2026-07-09 06:17:17 - BTC-Collector - INFO - BTC: $62,939.0000 (source: Kraken, total: 1836)
2026-07-09 06:18:19 - BTC-Collector - INFO - BTC: $62,955.8000 (source: Kraken, total: 1848)
2026-07-09 06:19:20 - BTC-Collector - INFO - BTC: $62,939.2000 (source: Kraken, total: 1860)
2026-07-09 06:20:22 - BTC-Collector - INFO - BTC: $62,919.5000 (source: Kraken, total: 1872)
2026-07-09 06:21:23 - BTC-Collector - INFO - BTC: $62,915.0000 (source: Kraken, total: 1884)
2026-07-09 06:22:25 - BTC-Collector - INFO - BTC: $62,886.0000 (source: Kraken, total: 1896)
2026-07-09 06:23:27 - BTC-Collector - INFO - BTC: $62,876.5000 (source: Kraken, total: 1908)
2026-07-09 06:24:28 - BTC-Collector - INFO - BTC: $62,876.5000 (source: Kraken, total: 1920)
2026-07-09 06:25:30 - BTC-Collector - INFO - BTC: $62,858.8000 (source: Kraken, total: 1932)
2026-07-09 06:26:31 - BTC-Collector - INFO - BTC: $62,835.6000 (source: Kraken, total: 1944)
2026-07-09 06:27:33 - BTC-Collector - INFO - BTC: $62,829.7000 (source: Kraken, total: 1956)
2026-07-09 06:28:34 - BTC-Collector - INFO - BTC: $62,828.0000 (source: Kraken, total: 1968)
2026-07-09 06:29:36 - BTC-Collector - INFO - BTC: $62,822.7000 (source: Kraken, total: 1980)
2026-07-09 06:30:38 - BTC-Collector - INFO - BTC: $62,818.8000 (source: Kraken, total: 1992)
2026-07-09 06:31:39 - BTC-Collector - INFO - BTC: $62,822.4000 (source: Kraken, total: 2004)
2026-07-09 06:32:41 - BTC-Collector - INFO - BTC: $62,818.8000 (source: Kraken, total: 2016)
2026-07-09 06:33:42 - BTC-Collector - INFO - BTC: $62,800.1000 (source: Kraken, total: 2028)
2026-07-09 06:34:44 - BTC-Collector - INFO - BTC: $62,830.4000 (source: Kraken, total: 2040)
2026-07-09 06:35:45 - BTC-Collector - INFO - BTC: $62,868.6000 (source: Kraken, total: 2052)
2026-07-09 06:36:47 - BTC-Collector - INFO - BTC: $62,880.7000 (source: Kraken, total: 2064)
2026-07-09 06:37:49 - BTC-Collector - INFO - BTC: $62,852.2000 (source: Kraken, total: 2076)
2026-07-09 06:38:50 - BTC-Collector - INFO - BTC: $62,836.4000 (source: Kraken, total: 2088)
2026-07-09 06:39:52 - BTC-Collector - INFO - BTC: $62,858.4000 (source: Kraken, total: 2100)
2026-07-09 06:40:53 - BTC-Collector - INFO - BTC: $62,848.6000 (source: Kraken, total: 2112)
2026-07-09 06:41:55 - BTC-Collector - INFO - BTC: $62,830.2000 (source: Kraken, total: 2124)
2026-07-09 06:42:57 - BTC-Collector - INFO - BTC: $62,812.1000 (source: Kraken, total: 2136)
2026-07-09 06:43:58 - BTC-Collector - INFO - BTC: $62,817.6000 (source: Kraken, total: 2148)
2026-07-09 06:45:00 - BTC-Collector - INFO - BTC: $62,851.8000 (source: Kraken, total: 2160)
2026-07-09 06:46:02 - BTC-Collector - INFO - BTC: $62,805.5000 (source: Kraken, total: 2172)
2026-07-09 06:47:03 - BTC-Collector - INFO - BTC: $62,769.5000 (source: Kraken, total: 2184)
2026-07-09 06:48:05 - BTC-Collector - INFO - BTC: $62,780.1000 (source: Kraken, total: 2196)
2026-07-09 06:49:06 - BTC-Collector - INFO - BTC: $62,774.1000 (source: Kraken, total: 2208)
2026-07-09 06:50:08 - BTC-Collector - INFO - BTC: $62,762.1000 (source: Kraken, total: 2220)
2026-07-09 06:51:09 - BTC-Collector - INFO - BTC: $62,754.6000 (source: Kraken, total: 2232)
2026-07-09 06:52:11 - BTC-Collector - INFO - BTC: $62,750.1000 (source: Kraken, total: 2244)
2026-07-09 06:53:12 - BTC-Collector - INFO - BTC: $62,676.9000 (source: Kraken, total: 2256)
2026-07-09 06:54:14 - BTC-Collector - INFO - BTC: $62,668.8000 (source: Kraken, total: 2268)
2026-07-09 06:55:15 - BTC-Collector - INFO - BTC: $62,679.9000 (source: Kraken, total: 2280)
2026-07-09 06:56:17 - BTC-Collector - INFO - BTC: $62,679.8000 (source: Kraken, total: 2292)
2026-07-09 06:57:19 - BTC-Collector - INFO - BTC: $62,700.0000 (source: Kraken, total: 2304)
2026-07-09 06:58:20 - BTC-Collector - INFO - BTC: $62,699.9000 (source: Kraken, total: 2316)
2026-07-09 06:59:22 - BTC-Collector - INFO - BTC: $62,710.4000 (source: Kraken, total: 2328)
2026-07-09 07:00:23 - BTC-Collector - INFO - BTC: $62,710.5000 (source: Kraken, total: 2340)
2026-07-09 07:01:25 - BTC-Collector - INFO - BTC: $62,743.8000 (source: Kraken, total: 2352)
2026-07-09 07:02:26 - BTC-Collector - INFO - BTC: $62,750.0000 (source: Kraken, total: 2364)
2026-07-09 07:03:28 - BTC-Collector - INFO - BTC: $62,742.3000 (source: Kraken, total: 2376)
2026-07-09 07:04:29 - BTC-Collector - INFO - BTC: $62,749.3000 (source: Kraken, total: 2388)
2026-07-09 07:05:31 - BTC-Collector - INFO - BTC: $62,748.5000 (source: Kraken, total: 2400)
2026-07-09 07:06:33 - BTC-Collector - INFO - BTC: $62,725.2000 (source: Kraken, total: 2412)
2026-07-09 07:07:34 - BTC-Collector - INFO - BTC: $62,743.2000 (source: Kraken, total: 2424)
2026-07-09 07:08:36 - BTC-Collector - INFO - BTC: $62,734.4000 (source: Kraken, total: 2436)
2026-07-09 07:09:37 - BTC-Collector - INFO - BTC: $62,730.2000 (source: Kraken, total: 2448)
2026-07-09 07:10:39 - BTC-Collector - INFO - BTC: $62,722.8000 (source: Kraken, total: 2460)
2026-07-09 07:11:40 - BTC-Collector - INFO - BTC: $62,720.8000 (source: Kraken, total: 2472)
2026-07-09 07:12:42 - BTC-Collector - INFO - BTC: $62,722.8000 (source: Kraken, total: 2484)
2026-07-09 07:13:43 - BTC-Collector - INFO - BTC: $62,747.9000 (source: Kraken, total: 2496)
2026-07-09 07:14:45 - BTC-Collector - INFO - BTC: $62,745.4000 (source: Kraken, total: 2508)
2026-07-09 07:15:46 - BTC-Collector - INFO - BTC: $62,737.4000 (source: Kraken, total: 2520)
2026-07-09 07:16:48 - BTC-Collector - INFO - BTC: $62,672.7000 (source: Kraken, total: 2532)
2026-07-09 07:17:49 - BTC-Collector - INFO - BTC: $62,653.8000 (source: Kraken, total: 2544)
2026-07-09 07:18:51 - BTC-Collector - INFO - BTC: $62,672.6000 (source: Kraken, total: 2556)
2026-07-09 07:19:52 - BTC-Collector - INFO - BTC: $62,651.5000 (source: Kraken, total: 2568)
2026-07-09 07:20:54 - BTC-Collector - INFO - BTC: $62,665.8000 (source: Kraken, total: 2580)
2026-07-09 07:21:55 - BTC-Collector - INFO - BTC: $62,658.6000 (source: Kraken, total: 2592)
2026-07-09 07:22:57 - BTC-Collector - INFO - BTC: $62,652.2000 (source: Kraken, total: 2604)
2026-07-09 07:23:59 - BTC-Collector - INFO - BTC: $62,664.7000 (source: Kraken, total: 2616)
2026-07-09 07:25:00 - BTC-Collector - INFO - BTC: $62,627.6000 (source: Kraken, total: 2628)
2026-07-09 07:26:02 - BTC-Collector - INFO - BTC: $62,656.4000 (source: Kraken, total: 2640)
2026-07-09 07:27:03 - BTC-Collector - INFO - BTC: $62,636.5000 (source: Kraken, total: 2652)
2026-07-09 07:28:05 - BTC-Collector - INFO - BTC: $62,628.3000 (source: Kraken, total: 2664)
2026-07-09 07:29:06 - BTC-Collector - INFO - BTC: $62,636.6000 (source: Kraken, total: 2676)
2026-07-09 07:30:08 - BTC-Collector - INFO - BTC: $62,651.8000 (source: Kraken, total: 2688)
2026-07-09 07:31:09 - BTC-Collector - INFO - BTC: $62,646.1000 (source: Kraken, total: 2700)
2026-07-09 07:32:11 - BTC-Collector - INFO - BTC: $62,656.0000 (source: Kraken, total: 2712)
2026-07-09 07:33:13 - BTC-Collector - INFO - BTC: $62,619.9000 (source: Kraken, total: 2724)
2026-07-09 07:34:14 - BTC-Collector - INFO - BTC: $62,600.1000 (source: Kraken, total: 2736)
2026-07-09 07:35:16 - BTC-Collector - INFO - BTC: $62,600.1000 (source: Kraken, total: 2748)
2026-07-09 07:36:17 - BTC-Collector - INFO - BTC: $62,553.9000 (source: Kraken, total: 2760)
2026-07-09 07:37:19 - BTC-Collector - INFO - BTC: $62,566.2000 (source: Kraken, total: 2772)
2026-07-09 07:38:21 - BTC-Collector - INFO - BTC: $62,551.9000 (source: Kraken, total: 2784)
2026-07-09 07:39:22 - BTC-Collector - INFO - BTC: $62,583.9000 (source: Kraken, total: 2796)
2026-07-09 07:40:24 - BTC-Collector - INFO - BTC: $62,611.1000 (source: Kraken, total: 2808)
2026-07-09 07:41:25 - BTC-Collector - INFO - BTC: $62,584.5000 (source: Kraken, total: 2820)
2026-07-09 07:42:27 - BTC-Collector - INFO - BTC: $62,583.5000 (source: Kraken, total: 2832)
2026-07-09 07:43:28 - BTC-Collector - INFO - BTC: $62,583.8000 (source: Kraken, total: 2844)
2026-07-09 07:44:30 - BTC-Collector - INFO - BTC: $62,595.1000 (source: Kraken, total: 2856)
2026-07-09 07:45:31 - BTC-Collector - INFO - BTC: $62,572.0000 (source: Kraken, total: 2868)
2026-07-09 07:46:33 - BTC-Collector - INFO - BTC: $62,572.1000 (source: Kraken, total: 2880)
2026-07-09 07:47:34 - BTC-Collector - INFO - BTC: $62,595.1000 (source: Kraken, total: 2892)
2026-07-09 07:48:36 - BTC-Collector - INFO - BTC: $62,595.0000 (source: Kraken, total: 2904)
2026-07-09 07:49:37 - BTC-Collector - INFO - BTC: $62,568.8000 (source: Kraken, total: 2916)
2026-07-09 07:50:39 - BTC-Collector - INFO - BTC: $62,590.9000 (source: Kraken, total: 2928)
2026-07-09 07:51:40 - BTC-Collector - INFO - BTC: $62,625.3000 (source: Kraken, total: 2940)
2026-07-09 07:52:42 - BTC-Collector - INFO - BTC: $62,653.1000 (source: Kraken, total: 2952)
2026-07-09 07:53:43 - BTC-Collector - INFO - BTC: $62,672.4000 (source: Kraken, total: 2964)
2026-07-09 07:54:45 - BTC-Collector - INFO - BTC: $62,667.2000 (source: Kraken, total: 2976)
2026-07-09 07:55:46 - BTC-Collector - INFO - BTC: $62,697.0000 (source: Kraken, total: 2988)
2026-07-09 07:56:48 - BTC-Collector - INFO - BTC: $62,743.1000 (source: Kraken, total: 3000)
2026-07-09 07:57:49 - BTC-Collector - INFO - BTC: $62,730.0000 (source: Kraken, total: 3012)
2026-07-09 07:58:51 - BTC-Collector - INFO - BTC: $62,732.8000 (source: Kraken, total: 3024)
2026-07-09 07:59:52 - BTC-Collector - INFO - BTC: $62,721.9000 (source: Kraken, total: 3036)
2026-07-09 08:00:54 - BTC-Collector - INFO - BTC: $62,711.4000 (source: Kraken, total: 3048)
2026-07-09 08:01:56 - BTC-Collector - INFO - BTC: $62,693.6000 (source: Kraken, total: 3060)
2026-07-09 08:02:57 - BTC-Collector - INFO - BTC: $62,694.7000 (source: Kraken, total: 3072)
2026-07-09 08:03:59 - BTC-Collector - INFO - BTC: $62,661.4000 (source: Kraken, total: 3084)
2026-07-09 08:05:00 - BTC-Collector - INFO - BTC: $62,636.3000 (source: Kraken, total: 3096)
2026-07-09 08:06:02 - BTC-Collector - INFO - BTC: $62,613.3000 (source: Kraken, total: 3108)
2026-07-09 08:07:03 - BTC-Collector - INFO - BTC: $62,636.7000 (source: Kraken, total: 3120)
2026-07-09 08:08:05 - BTC-Collector - INFO - BTC: $62,679.9000 (source: Kraken, total: 3132)
2026-07-09 08:09:06 - BTC-Collector - INFO - BTC: $62,789.3000 (source: Kraken, total: 3144)
2026-07-09 08:10:08 - BTC-Collector - INFO - BTC: $62,740.6000 (source: Kraken, total: 3156)
2026-07-09 08:11:09 - BTC-Collector - INFO - BTC: $62,774.2000 (source: Kraken, total: 3168)
2026-07-09 08:12:11 - BTC-Collector - INFO - BTC: $62,785.6000 (source: Kraken, total: 3180)
2026-07-09 08:13:12 - BTC-Collector - INFO - BTC: $62,759.6000 (source: Kraken, total: 3192)
2026-07-09 08:14:14 - BTC-Collector - INFO - BTC: $62,741.0000 (source: Kraken, total: 3204)
2026-07-09 08:15:15 - BTC-Collector - INFO - BTC: $62,711.0000 (source: Kraken, total: 3216)
2026-07-09 08:16:17 - BTC-Collector - INFO - BTC: $62,724.8000 (source: Kraken, total: 3228)
2026-07-09 08:17:18 - BTC-Collector - INFO - BTC: $62,674.5000 (source: Kraken, total: 3240)
2026-07-09 08:18:20 - BTC-Collector - INFO - BTC: $62,707.6000 (source: Kraken, total: 3252)
2026-07-09 08:19:21 - BTC-Collector - INFO - BTC: $62,725.1000 (source: Kraken, total: 3264)
2026-07-09 08:20:23 - BTC-Collector - INFO - BTC: $62,711.2000 (source: Kraken, total: 3276)
2026-07-09 08:21:24 - BTC-Collector - INFO - BTC: $62,707.2000 (source: Kraken, total: 3288)
2026-07-09 08:22:26 - BTC-Collector - INFO - BTC: $62,668.4000 (source: Kraken, total: 3300)
2026-07-09 08:23:27 - BTC-Collector - INFO - BTC: $62,680.7000 (source: Kraken, total: 3312)
2026-07-09 08:24:29 - BTC-Collector - INFO - BTC: $62,669.3000 (source: Kraken, total: 3324)
2026-07-09 08:25:30 - BTC-Collector - INFO - BTC: $62,720.3000 (source: Kraken, total: 3336)
2026-07-09 08:26:32 - BTC-Collector - INFO - BTC: $62,685.0000 (source: Kraken, total: 3348)
2026-07-09 08:27:33 - BTC-Collector - INFO - BTC: $62,696.9000 (source: Kraken, total: 3360)
2026-07-09 08:28:35 - BTC-Collector - INFO - BTC: $62,698.9000 (source: Kraken, total: 3372)
2026-07-09 08:29:36 - BTC-Collector - INFO - BTC: $62,751.9000 (source: Kraken, total: 3384)
2026-07-09 08:30:38 - BTC-Collector - INFO - BTC: $62,726.7000 (source: Kraken, total: 3396)
2026-07-09 08:31:39 - BTC-Collector - INFO - BTC: $62,723.5000 (source: Kraken, total: 3408)
2026-07-09 08:32:41 - BTC-Collector - INFO - BTC: $62,668.2000 (source: Kraken, total: 3420)
2026-07-09 08:33:43 - BTC-Collector - INFO - BTC: $62,756.4000 (source: Kraken, total: 3432)
2026-07-09 08:34:44 - BTC-Collector - INFO - BTC: $62,713.4000 (source: Kraken, total: 3444)
2026-07-09 08:35:46 - BTC-Collector - INFO - BTC: $62,727.5000 (source: Kraken, total: 3456)
2026-07-09 08:36:47 - BTC-Collector - INFO - BTC: $62,787.8000 (source: Kraken, total: 3468)
2026-07-09 08:37:49 - BTC-Collector - INFO - BTC: $62,830.3000 (source: Kraken, total: 3480)
2026-07-09 08:38:50 - BTC-Collector - INFO - BTC: $62,853.6000 (source: Kraken, total: 3492)
2026-07-09 08:39:52 - BTC-Collector - INFO - BTC: $62,855.1000 (source: Kraken, total: 3504)
2026-07-09 08:40:54 - BTC-Collector - INFO - BTC: $62,863.8000 (source: Kraken, total: 3516)
2026-07-09 08:41:55 - BTC-Collector - INFO - BTC: $62,776.2000 (source: Kraken, total: 3528)
2026-07-09 08:42:57 - BTC-Collector - INFO - BTC: $62,615.6000 (source: Kraken, total: 3540)
2026-07-09 08:43:58 - BTC-Collector - INFO - BTC: $62,585.3000 (source: Kraken, total: 3552)
2026-07-09 08:45:00 - BTC-Collector - INFO - BTC: $62,558.3000 (source: Kraken, total: 3564)
2026-07-09 08:46:02 - BTC-Collector - INFO - BTC: $62,494.3000 (source: Kraken, total: 3576)
2026-07-09 08:47:03 - BTC-Collector - INFO - BTC: $62,465.3000 (source: Kraken, total: 3588)
2026-07-09 08:48:05 - BTC-Collector - INFO - BTC: $62,530.8000 (source: Kraken, total: 3600)
2026-07-09 08:49:06 - BTC-Collector - INFO - BTC: $62,516.7000 (source: Kraken, total: 3612)
2026-07-09 08:50:08 - BTC-Collector - INFO - BTC: $62,546.7000 (source: Kraken, total: 3624)
2026-07-09 08:51:09 - BTC-Collector - INFO - BTC: $62,531.1000 (source: Kraken, total: 3636)
2026-07-09 08:52:11 - BTC-Collector - INFO - BTC: $62,569.3000 (source: Kraken, total: 3648)
2026-07-09 08:53:13 - BTC-Collector - INFO - BTC: $62,598.4000 (source: Kraken, total: 3660)
2026-07-09 08:54:14 - BTC-Collector - INFO - BTC: $62,581.0000 (source: Kraken, total: 3672)
2026-07-09 08:55:16 - BTC-Collector - INFO - BTC: $62,587.5000 (source: Kraken, total: 3684)
2026-07-09 08:56:17 - BTC-Collector - INFO - BTC: $62,586.9000 (source: Kraken, total: 3696)
2026-07-09 08:57:19 - BTC-Collector - INFO - BTC: $62,569.9000 (source: Kraken, total: 3708)
2026-07-09 08:58:21 - BTC-Collector - INFO - BTC: $62,600.5000 (source: Kraken, total: 3720)
2026-07-09 08:59:22 - BTC-Collector - INFO - BTC: $62,567.5000 (source: Kraken, total: 3732)
2026-07-09 09:00:24 - BTC-Collector - INFO - BTC: $62,585.2000 (source: Kraken, total: 3744)
2026-07-09 09:01:25 - BTC-Collector - INFO - BTC: $62,627.6000 (source: Kraken, total: 3756)
2026-07-09 09:02:27 - BTC-Collector - INFO - BTC: $62,680.7000 (source: Kraken, total: 3768)
2026-07-09 09:03:28 - BTC-Collector - INFO - BTC: $62,730.3000 (source: Kraken, total: 3780)
2026-07-09 09:04:30 - BTC-Collector - INFO - BTC: $62,717.0000 (source: Kraken, total: 3792)
2026-07-09 09:05:31 - BTC-Collector - INFO - BTC: $62,745.9000 (source: Kraken, total: 3804)
2026-07-09 09:06:33 - BTC-Collector - INFO - BTC: $62,770.7000 (source: Kraken, total: 3816)
2026-07-09 09:07:35 - BTC-Collector - INFO - BTC: $62,767.7000 (source: Kraken, total: 3828)
2026-07-09 09:08:36 - BTC-Collector - INFO - BTC: $62,779.8000 (source: Kraken, total: 3840)
2026-07-09 09:09:38 - BTC-Collector - INFO - BTC: $62,768.2000 (source: Kraken, total: 3852)
2026-07-09 09:10:39 - BTC-Collector - INFO - BTC: $62,779.9000 (source: Kraken, total: 3864)
2026-07-09 09:11:41 - BTC-Collector - INFO - BTC: $62,780.4000 (source: Kraken, total: 3876)
2026-07-09 09:12:43 - BTC-Collector - INFO - BTC: $62,846.1000 (source: Kraken, total: 3888)
2026-07-09 09:13:44 - BTC-Collector - INFO - BTC: $62,843.1000 (source: Kraken, total: 3900)
2026-07-09 09:14:46 - BTC-Collector - INFO - BTC: $62,827.8000 (source: Kraken, total: 3912)
2026-07-09 09:15:47 - BTC-Collector - INFO - BTC: $62,786.6000 (source: Kraken, total: 3924)
2026-07-09 09:16:49 - BTC-Collector - INFO - BTC: $62,738.6000 (source: Kraken, total: 3936)
2026-07-09 09:17:51 - BTC-Collector - INFO - BTC: $62,742.1000 (source: Kraken, total: 3948)
2026-07-09 09:18:52 - BTC-Collector - INFO - BTC: $62,749.2000 (source: Kraken, total: 3960)
2026-07-09 09:19:54 - BTC-Collector - INFO - BTC: $62,728.5000 (source: Kraken, total: 3972)
2026-07-09 09:20:55 - BTC-Collector - INFO - BTC: $62,689.7000 (source: Kraken, total: 3984)
2026-07-09 09:21:57 - BTC-Collector - INFO - BTC: $62,724.3000 (source: Kraken, total: 3996)
2026-07-09 09:22:58 - BTC-Collector - INFO - BTC: $62,710.4000 (source: Kraken, total: 4008)
2026-07-09 09:24:00 - BTC-Collector - INFO - BTC: $62,674.6000 (source: Kraken, total: 4020)
2026-07-09 09:25:01 - BTC-Collector - INFO - BTC: $62,667.4000 (source: Kraken, total: 4032)
2026-07-09 09:26:03 - BTC-Collector - INFO - BTC: $62,730.4000 (source: Kraken, total: 4044)
2026-07-09 09:27:04 - BTC-Collector - INFO - BTC: $62,711.6000 (source: Kraken, total: 4056)
2026-07-09 09:28:06 - BTC-Collector - INFO - BTC: $62,669.8000 (source: Kraken, total: 4068)
2026-07-09 09:29:08 - BTC-Collector - INFO - BTC: $62,648.2000 (source: Kraken, total: 4080)
2026-07-09 09:30:09 - BTC-Collector - INFO - BTC: $62,668.6000 (source: Kraken, total: 4092)
2026-07-09 09:31:11 - BTC-Collector - INFO - BTC: $62,610.7000 (source: Kraken, total: 4104)
2026-07-09 09:32:12 - BTC-Collector - INFO - BTC: $62,500.0000 (source: Kraken, total: 4116)
2026-07-09 09:33:14 - BTC-Collector - INFO - BTC: $62,531.0000 (source: Kraken, total: 4128)
2026-07-09 09:34:15 - BTC-Collector - INFO - BTC: $62,586.3000 (source: Kraken, total: 4140)
2026-07-09 09:35:17 - BTC-Collector - INFO - BTC: $62,532.5000 (source: Kraken, total: 4152)
2026-07-09 09:36:19 - BTC-Collector - INFO - BTC: $62,589.2000 (source: Kraken, total: 4164)
2026-07-09 09:37:20 - BTC-Collector - INFO - BTC: $62,721.8000 (source: Kraken, total: 4176)
2026-07-09 09:38:22 - BTC-Collector - INFO - BTC: $62,770.6000 (source: Kraken, total: 4188)
2026-07-09 09:39:23 - BTC-Collector - INFO - BTC: $62,660.4000 (source: Kraken, total: 4200)
2026-07-09 09:40:25 - BTC-Collector - INFO - BTC: $62,675.1000 (source: Kraken, total: 4212)
2026-07-09 09:41:26 - BTC-Collector - INFO - BTC: $62,656.6000 (source: Kraken, total: 4224)
2026-07-09 09:42:28 - BTC-Collector - INFO - BTC: $62,705.6000 (source: Kraken, total: 4236)
2026-07-09 09:43:30 - BTC-Collector - INFO - BTC: $62,764.1000 (source: Kraken, total: 4248)
2026-07-09 09:44:32 - BTC-Collector - INFO - BTC: $62,854.4000 (source: Kraken, total: 4260)
2026-07-09 09:45:33 - BTC-Collector - INFO - BTC: $62,896.5000 (source: Kraken, total: 4272)
2026-07-09 09:46:35 - BTC-Collector - INFO - BTC: $62,896.0000 (source: Kraken, total: 4284)
2026-07-09 09:47:36 - BTC-Collector - INFO - BTC: $62,911.0000 (source: Kraken, total: 4296)
2026-07-09 09:48:38 - BTC-Collector - INFO - BTC: $62,836.9000 (source: Kraken, total: 4308)
2026-07-09 09:49:39 - BTC-Collector - INFO - BTC: $62,789.3000 (source: Kraken, total: 4320)
2026-07-09 09:50:41 - BTC-Collector - INFO - BTC: $62,856.5000 (source: Kraken, total: 4332)
2026-07-09 09:51:42 - BTC-Collector - INFO - BTC: $62,962.0000 (source: Kraken, total: 4344)
2026-07-09 09:52:44 - BTC-Collector - INFO - BTC: $62,960.1000 (source: Kraken, total: 4356)
2026-07-09 09:53:45 - BTC-Collector - INFO - BTC: $63,065.1000 (source: Kraken, total: 4368)
2026-07-09 09:54:47 - BTC-Collector - INFO - BTC: $62,976.5000 (source: Kraken, total: 4380)
2026-07-09 09:55:48 - BTC-Collector - INFO - BTC: $62,959.2000 (source: Kraken, total: 4392)
2026-07-09 09:56:50 - BTC-Collector - INFO - BTC: $62,910.9000 (source: Kraken, total: 4404)
2026-07-09 09:57:51 - BTC-Collector - INFO - BTC: $62,912.0000 (source: Kraken, total: 4416)
2026-07-09 09:58:53 - BTC-Collector - INFO - BTC: $62,973.8000 (source: Kraken, total: 4428)
2026-07-09 09:59:54 - BTC-Collector - INFO - BTC: $62,966.8000 (source: Kraken, total: 4440)
2026-07-09 10:00:56 - BTC-Collector - INFO - BTC: $63,001.0000 (source: Kraken, total: 4452)
2026-07-09 10:01:57 - BTC-Collector - INFO - BTC: $62,970.0000 (source: Kraken, total: 4464)
2026-07-09 10:02:59 - BTC-Collector - INFO - BTC: $62,973.3000 (source: Kraken, total: 4476)
2026-07-09 10:04:01 - BTC-Collector - INFO - BTC: $63,012.8000 (source: Kraken, total: 4488)
2026-07-09 10:05:02 - BTC-Collector - INFO - BTC: $63,006.3000 (source: Kraken, total: 4500)
2026-07-09 10:06:04 - BTC-Collector - INFO - BTC: $63,001.0000 (source: Kraken, total: 4512)
2026-07-09 10:07:05 - BTC-Collector - INFO - BTC: $62,927.8000 (source: Kraken, total: 4524)
2026-07-09 10:08:07 - BTC-Collector - INFO - BTC: $62,891.4000 (source: Kraken, total: 4536)
2026-07-09 10:09:08 - BTC-Collector - INFO - BTC: $62,883.8000 (source: Kraken, total: 4548)
2026-07-09 10:10:10 - BTC-Collector - INFO - BTC: $62,871.3000 (source: Kraken, total: 4560)
2026-07-09 10:11:11 - BTC-Collector - INFO - BTC: $62,853.0000 (source: Kraken, total: 4572)
2026-07-09 10:12:12 - BTC-Collector - INFO - BTC: $62,882.1000 (source: Kraken, total: 4584)
2026-07-09 10:13:14 - BTC-Collector - INFO - BTC: $62,850.0000 (source: Kraken, total: 4596)
2026-07-09 10:14:16 - BTC-Collector - INFO - BTC: $62,898.4000 (source: Kraken, total: 4608)
2026-07-09 10:15:17 - BTC-Collector - INFO - BTC: $62,819.0000 (source: Kraken, total: 4620)
2026-07-09 10:16:19 - BTC-Collector - INFO - BTC: $62,650.7000 (source: Kraken, total: 4632)
2026-07-09 10:17:20 - BTC-Collector - INFO - BTC: $62,737.7000 (source: Kraken, total: 4644)
2026-07-09 10:18:22 - BTC-Collector - INFO - BTC: $62,712.3000 (source: Kraken, total: 4656)
2026-07-09 10:19:23 - BTC-Collector - INFO - BTC: $62,730.2000 (source: Kraken, total: 4668)
2026-07-09 10:20:25 - BTC-Collector - INFO - BTC: $62,613.3000 (source: Kraken, total: 4680)
2026-07-09 10:21:26 - BTC-Collector - INFO - BTC: $62,627.0000 (source: Kraken, total: 4692)
2026-07-09 10:22:28 - BTC-Collector - INFO - BTC: $62,636.3000 (source: Kraken, total: 4704)
2026-07-09 10:23:30 - BTC-Collector - INFO - BTC: $62,695.1000 (source: Kraken, total: 4716)
2026-07-09 10:24:31 - BTC-Collector - INFO - BTC: $62,678.1000 (source: Kraken, total: 4728)
2026-07-09 10:25:32 - BTC-Collector - INFO - BTC: $62,726.1000 (source: Kraken, total: 4740)
2026-07-09 10:26:34 - BTC-Collector - INFO - BTC: $62,700.8000 (source: Kraken, total: 4752)
2026-07-09 10:27:36 - BTC-Collector - INFO - BTC: $62,775.2000 (source: Kraken, total: 4764)
2026-07-09 10:28:37 - BTC-Collector - INFO - BTC: $62,788.3000 (source: Kraken, total: 4776)
2026-07-09 10:29:39 - BTC-Collector - INFO - BTC: $62,787.1000 (source: Kraken, total: 4788)
2026-07-09 10:30:40 - BTC-Collector - INFO - BTC: $62,774.7000 (source: Kraken, total: 4800)
2026-07-09 10:31:42 - BTC-Collector - INFO - BTC: $62,745.6000 (source: Kraken, total: 4812)
2026-07-09 10:32:44 - BTC-Collector - INFO - BTC: $62,756.5000 (source: Kraken, total: 4824)
2026-07-09 10:33:45 - BTC-Collector - INFO - BTC: $62,709.8000 (source: Kraken, total: 4836)
2026-07-09 10:34:47 - BTC-Collector - INFO - BTC: $62,707.5000 (source: Kraken, total: 4848)
2026-07-09 10:35:49 - BTC-Collector - INFO - BTC: $62,745.5000 (source: Kraken, total: 4860)
2026-07-09 10:36:50 - BTC-Collector - INFO - BTC: $62,731.0000 (source: Kraken, total: 4872)
2026-07-09 10:37:52 - BTC-Collector - INFO - BTC: $62,711.4000 (source: Kraken, total: 4884)
2026-07-09 10:38:54 - BTC-Collector - INFO - BTC: $62,800.0000 (source: Kraken, total: 4896)
2026-07-09 10:39:55 - BTC-Collector - INFO - BTC: $62,863.2000 (source: Kraken, total: 4908)
2026-07-09 10:40:57 - BTC-Collector - INFO - BTC: $62,883.4000 (source: Kraken, total: 4920)
2026-07-09 10:41:59 - BTC-Collector - INFO - BTC: $62,881.8000 (source: Kraken, total: 4932)
2026-07-09 10:43:00 - BTC-Collector - INFO - BTC: $62,930.9000 (source: Kraken, total: 4944)
2026-07-09 10:44:02 - BTC-Collector - INFO - BTC: $62,913.2000 (source: Kraken, total: 4956)
2026-07-09 10:45:03 - BTC-Collector - INFO - BTC: $62,845.8000 (source: Kraken, total: 4968)
2026-07-09 10:46:04 - BTC-Collector - INFO - BTC: $62,900.8000 (source: Kraken, total: 4980)
2026-07-09 10:47:06 - BTC-Collector - INFO - BTC: $62,963.5000 (source: Kraken, total: 4992)
2026-07-09 10:48:08 - BTC-Collector - INFO - BTC: $62,895.8000 (source: Kraken, total: 5004)
2026-07-09 10:49:09 - BTC-Collector - INFO - BTC: $62,919.0000 (source: Kraken, total: 5016)
2026-07-09 10:50:11 - BTC-Collector - INFO - BTC: $62,885.8000 (source: Kraken, total: 5028)
2026-07-09 10:51:12 - BTC-Collector - INFO - BTC: $62,909.0000 (source: Kraken, total: 5040)
2026-07-09 10:52:14 - BTC-Collector - INFO - BTC: $62,819.3000 (source: Kraken, total: 5052)
2026-07-09 10:53:15 - BTC-Collector - INFO - BTC: $62,766.3000 (source: Kraken, total: 5064)
2026-07-09 10:54:17 - BTC-Collector - INFO - BTC: $62,811.2000 (source: Kraken, total: 5076)
2026-07-09 10:55:18 - BTC-Collector - INFO - BTC: $62,878.4000 (source: Kraken, total: 5088)
2026-07-09 10:56:20 - BTC-Collector - INFO - BTC: $62,896.1000 (source: Kraken, total: 5100)
2026-07-09 10:57:21 - BTC-Collector - INFO - BTC: $62,909.1000 (source: Kraken, total: 5112)
2026-07-09 10:58:23 - BTC-Collector - INFO - BTC: $62,956.0000 (source: Kraken, total: 5124)
2026-07-09 10:59:24 - BTC-Collector - INFO - BTC: $62,961.7000 (source: Kraken, total: 5136)
2026-07-09 11:00:26 - BTC-Collector - INFO - BTC: $62,991.1000 (source: Kraken, total: 5148)
2026-07-09 11:01:27 - BTC-Collector - INFO - BTC: $62,968.5000 (source: Kraken, total: 5160)
2026-07-09 11:02:29 - BTC-Collector - INFO - BTC: $62,937.2000 (source: Kraken, total: 5172)
2026-07-09 11:03:30 - BTC-Collector - INFO - BTC: $62,899.8000 (source: Kraken, total: 5184)
2026-07-09 11:04:32 - BTC-Collector - INFO - BTC: $62,914.4000 (source: Kraken, total: 5196)
2026-07-09 11:05:33 - BTC-Collector - INFO - BTC: $62,867.5000 (source: Kraken, total: 5208)
2026-07-09 11:06:35 - BTC-Collector - INFO - BTC: $62,940.3000 (source: Kraken, total: 5220)
2026-07-09 11:07:36 - BTC-Collector - INFO - BTC: $63,046.8000 (source: Kraken, total: 5232)
2026-07-09 11:08:38 - BTC-Collector - INFO - BTC: $63,078.7000 (source: Kraken, total: 5244)
2026-07-09 11:09:39 - BTC-Collector - INFO - BTC: $63,096.8000 (source: Kraken, total: 5256)
2026-07-09 11:10:41 - BTC-Collector - INFO - BTC: $63,107.7000 (source: Kraken, total: 5268)
2026-07-09 11:11:42 - BTC-Collector - INFO - BTC: $63,043.2000 (source: Kraken, total: 5280)
2026-07-09 11:12:44 - BTC-Collector - INFO - BTC: $63,071.9000 (source: Kraken, total: 5292)
2026-07-09 11:13:46 - BTC-Collector - INFO - BTC: $63,043.8000 (source: Kraken, total: 5304)
2026-07-09 11:14:47 - BTC-Collector - INFO - BTC: $63,037.0000 (source: Kraken, total: 5316)
2026-07-09 11:15:48 - BTC-Collector - INFO - BTC: $63,050.0000 (source: Kraken, total: 5328)
2026-07-09 11:16:50 - BTC-Collector - INFO - BTC: $63,039.2000 (source: Kraken, total: 5340)
2026-07-09 11:17:51 - BTC-Collector - INFO - BTC: $62,970.6000 (source: Kraken, total: 5352)
2026-07-09 11:18:53 - BTC-Collector - INFO - BTC: $62,945.6000 (source: Kraken, total: 5364)
2026-07-09 11:19:54 - BTC-Collector - INFO - BTC: $62,987.6000 (source: Kraken, total: 5376)
2026-07-09 11:20:56 - BTC-Collector - INFO - BTC: $62,949.7000 (source: Kraken, total: 5388)
2026-07-09 11:21:57 - BTC-Collector - INFO - BTC: $62,945.6000 (source: Kraken, total: 5400)
2026-07-09 11:22:59 - BTC-Collector - INFO - BTC: $63,179.9000 (source: Kraken, total: 5412)
2026-07-09 11:24:00 - BTC-Collector - INFO - BTC: $63,065.0000 (source: Kraken, total: 5424)
2026-07-09 11:25:02 - BTC-Collector - INFO - BTC: $63,053.3000 (source: Kraken, total: 5436)
2026-07-09 11:26:03 - BTC-Collector - INFO - BTC: $63,062.9000 (source: Kraken, total: 5448)
2026-07-09 11:27:05 - BTC-Collector - INFO - BTC: $63,084.9000 (source: Kraken, total: 5460)
2026-07-09 11:28:07 - BTC-Collector - INFO - BTC: $63,069.2000 (source: Kraken, total: 5472)
2026-07-09 11:29:08 - BTC-Collector - INFO - BTC: $62,903.7000 (source: Kraken, total: 5484)
2026-07-09 11:30:10 - BTC-Collector - INFO - BTC: $62,949.6000 (source: Kraken, total: 5496)
2026-07-09 11:31:11 - BTC-Collector - INFO - BTC: $62,938.4000 (source: Kraken, total: 5508)
2026-07-09 11:32:13 - BTC-Collector - INFO - BTC: $63,014.0000 (source: Kraken, total: 5520)
2026-07-09 11:33:14 - BTC-Collector - INFO - BTC: $62,955.9000 (source: Kraken, total: 5532)
2026-07-09 11:34:16 - BTC-Collector - INFO - BTC: $62,981.8000 (source: Kraken, total: 5544)
2026-07-09 11:35:17 - BTC-Collector - INFO - BTC: $62,908.2000 (source: Kraken, total: 5556)
2026-07-09 11:36:19 - BTC-Collector - INFO - BTC: $62,869.6000 (source: Kraken, total: 5568)
2026-07-09 11:37:21 - BTC-Collector - INFO - BTC: $62,886.4000 (source: Kraken, total: 5580)
2026-07-09 11:38:22 - BTC-Collector - INFO - BTC: $62,886.4000 (source: Kraken, total: 5592)
2026-07-09 11:39:24 - BTC-Collector - INFO - BTC: $62,905.1000 (source: Kraken, total: 5604)
2026-07-09 11:40:25 - BTC-Collector - INFO - BTC: $62,915.6000 (source: Kraken, total: 5616)
2026-07-09 11:41:27 - BTC-Collector - INFO - BTC: $62,942.9000 (source: Kraken, total: 5628)
2026-07-09 11:42:28 - BTC-Collector - INFO - BTC: $62,945.8000 (source: Kraken, total: 5640)
2026-07-09 11:43:30 - BTC-Collector - INFO - BTC: $62,948.8000 (source: Kraken, total: 5652)
2026-07-09 11:44:31 - BTC-Collector - INFO - BTC: $62,929.8000 (source: Kraken, total: 5664)
2026-07-09 11:45:33 - BTC-Collector - INFO - BTC: $62,919.7000 (source: Kraken, total: 5676)
2026-07-09 11:46:34 - BTC-Collector - INFO - BTC: $62,929.5000 (source: Kraken, total: 5688)
2026-07-09 11:47:36 - BTC-Collector - INFO - BTC: $62,912.1000 (source: Kraken, total: 5700)
2026-07-09 11:48:37 - BTC-Collector - INFO - BTC: $62,939.2000 (source: Kraken, total: 5712)
2026-07-09 11:49:39 - BTC-Collector - INFO - BTC: $62,973.3000 (source: Kraken, total: 5724)
2026-07-09 11:50:40 - BTC-Collector - INFO - BTC: $62,973.7000 (source: Kraken, total: 5736)
2026-07-09 11:51:42 - BTC-Collector - INFO - BTC: $62,921.6000 (source: Kraken, total: 5748)
2026-07-09 11:52:44 - BTC-Collector - INFO - BTC: $62,955.6000 (source: Kraken, total: 5760)
2026-07-09 11:53:45 - BTC-Collector - INFO - BTC: $62,941.3000 (source: Kraken, total: 5772)
2026-07-09 11:54:47 - BTC-Collector - INFO - BTC: $62,890.0000 (source: Kraken, total: 5784)
2026-07-09 11:55:49 - BTC-Collector - INFO - BTC: $62,886.4000 (source: Kraken, total: 5796)
2026-07-09 11:56:50 - BTC-Collector - INFO - BTC: $62,839.8000 (source: Kraken, total: 5808)
2026-07-09 11:57:52 - BTC-Collector - INFO - BTC: $62,778.7000 (source: Kraken, total: 5820)
2026-07-09 11:58:54 - BTC-Collector - INFO - BTC: $62,819.9000 (source: Kraken, total: 5832)
2026-07-09 11:59:55 - BTC-Collector - INFO - BTC: $62,815.2000 (source: Kraken, total: 5844)
2026-07-09 12:00:57 - BTC-Collector - INFO - BTC: $62,850.9000 (source: Kraken, total: 5856)
2026-07-09 12:01:58 - BTC-Collector - INFO - BTC: $62,839.3000 (source: Kraken, total: 5868)
2026-07-09 12:03:00 - BTC-Collector - INFO - BTC: $62,866.2000 (source: Kraken, total: 5880)
2026-07-09 12:04:01 - BTC-Collector - INFO - BTC: $62,874.9000 (source: Kraken, total: 5892)
2026-07-09 12:05:03 - BTC-Collector - INFO - BTC: $62,902.6000 (source: Kraken, total: 5904)
2026-07-09 12:06:04 - BTC-Collector - INFO - BTC: $62,909.4000 (source: Kraken, total: 5916)
2026-07-09 12:07:06 - BTC-Collector - INFO - BTC: $62,851.0000 (source: Kraken, total: 5928)
2026-07-09 12:08:07 - BTC-Collector - INFO - BTC: $62,841.5000 (source: Kraken, total: 5940)
2026-07-09 12:09:09 - BTC-Collector - INFO - BTC: $62,835.9000 (source: Kraken, total: 5952)
2026-07-09 12:10:11 - BTC-Collector - INFO - BTC: $62,802.3000 (source: Kraken, total: 5964)
2026-07-09 12:11:12 - BTC-Collector - INFO - BTC: $62,801.9000 (source: Kraken, total: 5976)
2026-07-09 12:12:13 - BTC-Collector - INFO - BTC: $62,802.4000 (source: Kraken, total: 5988)
2026-07-09 12:13:15 - BTC-Collector - INFO - BTC: $62,810.6000 (source: Kraken, total: 6000)
2026-07-09 12:14:17 - BTC-Collector - INFO - BTC: $62,827.0000 (source: Kraken, total: 6012)
2026-07-09 12:15:18 - BTC-Collector - INFO - BTC: $62,804.0000 (source: Kraken, total: 6024)
2026-07-09 12:16:20 - BTC-Collector - INFO - BTC: $62,828.9000 (source: Kraken, total: 6036)
2026-07-09 12:17:21 - BTC-Collector - INFO - BTC: $62,763.6000 (source: Kraken, total: 6048)
2026-07-09 12:18:23 - BTC-Collector - INFO - BTC: $62,733.5000 (source: Kraken, total: 6060)
2026-07-09 12:19:24 - BTC-Collector - INFO - BTC: $62,782.2000 (source: Kraken, total: 6072)
2026-07-09 12:20:26 - BTC-Collector - INFO - BTC: $62,718.4000 (source: Kraken, total: 6084)
2026-07-09 12:21:28 - BTC-Collector - INFO - BTC: $62,764.8000 (source: Kraken, total: 6096)
2026-07-09 12:22:29 - BTC-Collector - INFO - BTC: $62,733.7000 (source: Kraken, total: 6108)
2026-07-09 12:23:31 - BTC-Collector - INFO - BTC: $62,679.9000 (source: Kraken, total: 6120)
2026-07-09 12:24:33 - BTC-Collector - INFO - BTC: $62,673.4000 (source: Kraken, total: 6132)
2026-07-09 12:25:34 - BTC-Collector - INFO - BTC: $62,650.7000 (source: Kraken, total: 6144)
2026-07-09 12:26:36 - BTC-Collector - INFO - BTC: $62,523.0000 (source: Kraken, total: 6156)
2026-07-09 12:27:37 - BTC-Collector - INFO - BTC: $62,585.8000 (source: Kraken, total: 6168)
2026-07-09 12:28:39 - BTC-Collector - INFO - BTC: $62,625.1000 (source: Kraken, total: 6180)
2026-07-09 12:29:41 - BTC-Collector - INFO - BTC: $62,649.4000 (source: Kraken, total: 6192)
2026-07-09 12:30:42 - BTC-Collector - INFO - BTC: $62,635.1000 (source: Kraken, total: 6204)
2026-07-09 12:31:44 - BTC-Collector - INFO - BTC: $62,668.8000 (source: Kraken, total: 6216)
2026-07-09 12:32:45 - BTC-Collector - INFO - BTC: $62,676.0000 (source: Kraken, total: 6228)
2026-07-09 12:33:47 - BTC-Collector - INFO - BTC: $62,667.4000 (source: Kraken, total: 6240)
2026-07-09 12:34:48 - BTC-Collector - INFO - BTC: $62,661.0000 (source: Kraken, total: 6252)
2026-07-09 12:35:50 - BTC-Collector - INFO - BTC: $62,625.8000 (source: Kraken, total: 6264)
2026-07-09 12:36:52 - BTC-Collector - INFO - BTC: $62,673.7000 (source: Kraken, total: 6276)
2026-07-09 12:37:53 - BTC-Collector - INFO - BTC: $62,729.9000 (source: Kraken, total: 6288)
2026-07-09 12:38:55 - BTC-Collector - INFO - BTC: $62,709.6000 (source: Kraken, total: 6300)
2026-07-09 12:39:56 - BTC-Collector - INFO - BTC: $62,700.0000 (source: Kraken, total: 6312)
2026-07-09 12:40:58 - BTC-Collector - INFO - BTC: $62,707.4000 (source: Kraken, total: 6324)
2026-07-09 12:42:00 - BTC-Collector - INFO - BTC: $62,705.3000 (source: Kraken, total: 6336)
2026-07-09 12:43:01 - BTC-Collector - INFO - BTC: $62,714.2000 (source: Kraken, total: 6348)
2026-07-09 12:44:03 - BTC-Collector - INFO - BTC: $62,696.1000 (source: Kraken, total: 6360)
2026-07-09 12:45:04 - BTC-Collector - INFO - BTC: $62,670.1000 (source: Kraken, total: 6372)
2026-07-09 12:46:06 - BTC-Collector - INFO - BTC: $62,672.9000 (source: Kraken, total: 6384)
2026-07-09 12:47:07 - BTC-Collector - INFO - BTC: $62,624.8000 (source: Kraken, total: 6396)
2026-07-09 12:48:09 - BTC-Collector - INFO - BTC: $62,600.1000 (source: Kraken, total: 6408)
2026-07-09 12:49:10 - BTC-Collector - INFO - BTC: $62,612.3000 (source: Kraken, total: 6420)
2026-07-09 12:50:12 - BTC-Collector - INFO - BTC: $62,605.2000 (source: Kraken, total: 6432)
2026-07-09 12:51:14 - BTC-Collector - INFO - BTC: $62,572.1000 (source: Kraken, total: 6444)
2026-07-09 12:52:15 - BTC-Collector - INFO - BTC: $62,567.4000 (source: Kraken, total: 6456)
2026-07-09 12:53:17 - BTC-Collector - INFO - BTC: $62,612.3000 (source: Kraken, total: 6468)
2026-07-09 12:54:18 - BTC-Collector - INFO - BTC: $62,633.0000 (source: Kraken, total: 6480)
2026-07-09 12:55:20 - BTC-Collector - INFO - BTC: $62,633.7000 (source: Kraken, total: 6492)
2026-07-09 12:56:21 - BTC-Collector - INFO - BTC: $62,620.0000 (source: Kraken, total: 6504)
2026-07-09 13:55:57 - BTC-Collector - INFO - BTC collector started (interval=5s)
2026-07-09 13:55:57 - BTC-Collector - ERROR - Unexpected error from Coinbase: HTTPSConnectionPool(host='api.coinbase.com', port=443): Max retries exceeded with url: /v2/prices/BTC-USD/spot (Caused by NameResolutionError("HTTPSConnection(host='api.coinbase.com', port=443): Failed to resolve 'api.coinbase.com' ([Errno -3] Temporary failure in name resolution)"))
2026-07-09 13:55:57 - BTC-Collector - ERROR - Unexpected error from Kraken: HTTPSConnectionPool(host='api.kraken.com', port=443): Max retries exceeded with url: /0/public/Ticker?pair=XBTUSD (Caused by NameResolutionError("HTTPSConnection(host='api.kraken.com', port=443): Failed to resolve 'api.kraken.com' ([Errno -3] Temporary failure in name resolution)"))
2026-07-09 13:55:57 - BTC-Collector - ERROR - Unexpected error from Binance: HTTPSConnectionPool(host='api.binance.com', port=443): Max retries exceeded with url: /api/v3/ticker/price?symbol=BTCUSDT (Caused by NameResolutionError("HTTPSConnection(host='api.binance.com', port=443): Failed to resolve 'api.binance.com' ([Errno -3] Temporary failure in name resolution)"))
2026-07-09 13:55:57 - BTC-Collector - WARNING - No price from any source (consecutive: 1)
2026-07-09 13:56:59 - BTC-Collector - INFO - BTC: $63,092.0000 (source: Kraken, total: 12)
2026-07-09 13:58:01 - BTC-Collector - INFO - BTC: $63,090.0000 (source: Kraken, total: 24)
2026-07-09 13:59:03 - BTC-Collector - INFO - BTC: $63,064.2000 (source: Kraken, total: 36)
2026-07-09 14:00:04 - BTC-Collector - INFO - BTC: $63,080.0000 (source: Kraken, total: 48)
2026-07-09 14:01:06 - BTC-Collector - INFO - BTC: $63,115.4000 (source: Kraken, total: 60)
2026-07-09 14:02:08 - BTC-Collector - INFO - BTC: $63,133.6000 (source: Kraken, total: 72)
2026-07-09 14:03:10 - BTC-Collector - INFO - BTC: $63,148.7000 (source: Kraken, total: 84)
2026-07-09 14:04:11 - BTC-Collector - INFO - BTC: $63,059.5000 (source: Kraken, total: 96)
2026-07-09 14:05:13 - BTC-Collector - INFO - BTC: $63,036.6000 (source: Kraken, total: 108)
2026-07-09 14:06:15 - BTC-Collector - INFO - BTC: $63,034.2000 (source: Kraken, total: 120)
2026-07-09 14:07:17 - BTC-Collector - INFO - BTC: $63,126.4000 (source: Kraken, total: 132)
2026-07-09 14:08:18 - BTC-Collector - INFO - BTC: $63,420.3000 (source: Kraken, total: 144)
2026-07-09 14:09:20 - BTC-Collector - INFO - BTC: $63,351.2000 (source: Kraken, total: 156)
2026-07-09 14:10:22 - BTC-Collector - INFO - BTC: $63,328.0000 (source: Kraken, total: 168)
2026-07-09 14:11:23 - BTC-Collector - INFO - BTC: $63,373.3000 (source: Kraken, total: 180)
2026-07-09 14:12:25 - BTC-Collector - INFO - BTC: $63,345.1000 (source: Kraken, total: 192)
2026-07-09 14:13:27 - BTC-Collector - INFO - BTC: $63,311.2000 (source: Kraken, total: 204)
2026-07-09 14:14:29 - BTC-Collector - INFO - BTC: $63,335.5000 (source: Kraken, total: 216)
2026-07-09 14:15:31 - BTC-Collector - INFO - BTC: $63,308.1000 (source: Kraken, total: 228)
2026-07-09 14:16:32 - BTC-Collector - INFO - BTC: $63,313.9000 (source: Kraken, total: 240)
2026-07-09 14:17:34 - BTC-Collector - INFO - BTC: $63,325.0000 (source: Kraken, total: 252)
2026-07-09 14:18:36 - BTC-Collector - INFO - BTC: $63,314.2000 (source: Kraken, total: 264)
2026-07-09 14:19:38 - BTC-Collector - INFO - BTC: $63,313.6000 (source: Kraken, total: 276)
2026-07-09 14:20:39 - BTC-Collector - INFO - BTC: $63,254.0000 (source: Kraken, total: 288)
2026-07-09 14:21:41 - BTC-Collector - INFO - BTC: $63,274.5000 (source: Kraken, total: 300)
2026-07-09 14:22:43 - BTC-Collector - INFO - BTC: $63,269.5000 (source: Kraken, total: 312)
2026-07-09 14:23:45 - BTC-Collector - INFO - BTC: $63,269.5000 (source: Kraken, total: 324)
2026-07-09 14:24:47 - BTC-Collector - INFO - BTC: $63,230.8000 (source: Kraken, total: 336)
2026-07-09 14:25:48 - BTC-Collector - INFO - BTC: $63,253.5000 (source: Kraken, total: 348)
2026-07-09 14:26:50 - BTC-Collector - INFO - BTC: $63,200.1000 (source: Kraken, total: 360)
2026-07-09 14:27:52 - BTC-Collector - INFO - BTC: $63,223.0000 (source: Kraken, total: 372)
2026-07-09 14:28:53 - BTC-Collector - INFO - BTC: $63,297.3000 (source: Kraken, total: 384)
