2026-07-08 22:02:41 - DataStore - ERROR - [BTC] log_prediction error: table predictions has no column named created_at
2026-07-08 22:02:41 - DataStore - ERROR - [BTC] log_prediction error: table predictions has no column named created_at
2026-07-08 22:02:41 - DataStore - ERROR - [BTC] log_prediction error: table predictions has no column named created_at
2026-07-08 22:03:13 - DataStore - WARNING - Could not add column created_at: Cannot add a column with non-constant default
2026-07-08 22:03:13 - DataStore - ERROR - [BTC] log_prediction error: table predictions has no column named created_at
2026-07-08 22:03:13 - DataStore - ERROR - [BTC] log_prediction error: table predictions has no column named created_at
2026-07-08 22:03:13 - DataStore - ERROR - [BTC] log_prediction error: table predictions has no column named created_at
2026-07-08 22:05:44 - DataStore - ERROR - [BTC] save_price error: table prices has no column named created_at
2026-07-08 22:05:46 - DataStore - ERROR - [BNB] save_price error: table prices has no column named created_at
2026-07-08 22:05:49 - DataStore - ERROR - [BTC] save_price error: table prices has no column named created_at
2026-07-08 22:05:51 - DataStore - ERROR - [BNB] save_price error: table prices has no column named created_at
2026-07-08 22:05:54 - DataStore - ERROR - [BTC] save_price error: table prices has no column named created_at
2026-07-08 22:05:56 - DataStore - ERROR - [BNB] save_price error: table prices has no column named created_at
2026-07-08 22:05:59 - DataStore - ERROR - [BTC] save_price error: table prices has no column named created_at
2026-07-08 22:06:02 - DataStore - ERROR - [BNB] save_price error: table prices has no column named created_at
2026-07-08 22:06:04 - DataStore - ERROR - [BTC] save_price error: table prices has no column named created_at
2026-07-08 22:07:31 - DataStore - ERROR - [BTC] save_price error: table prices has no column named created_at
2026-07-08 22:07:33 - DataStore - ERROR - [BNB] save_price error: table prices has no column named created_at
2026-07-08 22:07:36 - DataStore - ERROR - [BTC] save_price error: table prices has no column named created_at
2026-07-08 22:07:39 - DataStore - ERROR - [BNB] save_price error: table prices has no column named created_at
2026-07-08 22:07:41 - DataStore - ERROR - [BTC] save_price error: table prices has no column named created_at
2026-07-08 22:07:44 - DataStore - ERROR - [BNB] save_price error: table prices has no column named created_at
2026-07-08 22:07:46 - DataStore - ERROR - [BTC] save_price error: table prices has no column named created_at
2026-07-09 00:36:52 - DataStore - ERROR - [BTC] save_price error: table prices has no column named created_at
2026-07-09 00:36:54 - DataStore - ERROR - [BNB] save_price error: table prices has no column named created_at
2026-07-09 00:36:58 - DataStore - ERROR - [BTC] save_price error: table prices has no column named created_at
2026-07-09 00:36:59 - DataStore - ERROR - [BNB] save_price error: table prices has no column named created_at
2026-07-09 00:37:03 - DataStore - ERROR - [BTC] save_price error: table prices has no column named created_at
2026-07-09 00:37:04 - DataStore - ERROR - [BNB] save_price error: table prices has no column named created_at
2026-07-09 00:37:17 - DataStore - ERROR - [BTC] save_price error: table prices has no column named created_at
2026-07-09 00:37:18 - DataStore - ERROR - [BNB] save_price error: table prices has no column named created_at
2026-07-09 00:37:22 - DataStore - ERROR - [BTC] save_price error: table prices has no column named created_at
2026-07-09 00:37:23 - DataStore - ERROR - [BNB] save_price error: table prices has no column named created_at
2026-07-09 00:37:27 - DataStore - ERROR - [BTC] save_price error: table prices has no column named created_at
2026-07-09 00:37:28 - DataStore - ERROR - [BNB] save_price error: table prices has no column named created_at
2026-07-09 00:37:50 - DataStore - ERROR - [BTC] save_price error: table prices has no column named created_at
2026-07-09 00:37:51 - DataStore - ERROR - [BNB] save_price error: table prices has no column named created_at
2026-07-09 00:37:55 - DataStore - ERROR - [BTC] save_price error: table prices has no column named created_at
2026-07-09 00:37:57 - DataStore - ERROR - [BNB] save_price error: table prices has no column named created_at
2026-07-09 00:38:01 - DataStore - ERROR - [BTC] save_price error: table prices has no column named created_at
2026-07-09 00:38:02 - DataStore - ERROR - [BNB] save_price error: table prices has no column named created_at
2026-07-09 00:38:06 - DataStore - ERROR - [BTC] save_price error: table prices has no column named created_at
2026-07-09 00:38:08 - DataStore - ERROR - [BNB] save_price error: table prices has no column named created_at
2026-07-09 00:38:11 - DataStore - ERROR - [BTC] save_price error: table prices has no column named created_at
2026-07-09 00:38:13 - DataStore - ERROR - [BNB] save_price error: table prices has no column named created_at
2026-07-09 00:38:16 - DataStore - ERROR - [BTC] save_price error: table prices has no column named created_at
2026-07-09 00:38:18 - DataStore - ERROR - [BNB] save_price error: table prices has no column named created_at
2026-07-09 00:38:55 - DataStore - WARNING - Could not add created_at to prices: Cannot add a column with non-constant default
2026-07-09 00:38:55 - DataStore - ERROR - [BTC] save_price error: table prices has no column named created_at
2026-07-09 00:38:56 - DataStore - WARNING - Could not add created_at to prices: Cannot add a column with non-constant default
2026-07-09 00:38:57 - DataStore - ERROR - [BNB] save_price error: table prices has no column named created_at
2026-07-09 00:38:59 - DataStore - WARNING - Could not add created_at to prices: Cannot add a column with non-constant default
2026-07-09 00:38:59 - DataStore - WARNING - Could not add created_at to prices: Cannot add a column with non-constant default
2026-07-09 00:39:01 - DataStore - ERROR - [BTC] save_price error: table prices has no column named created_at
2026-07-09 00:39:02 - DataStore - ERROR - [BNB] save_price error: table prices has no column named created_at
2026-07-09 00:39:06 - DataStore - ERROR - [BTC] save_price error: table prices has no column named created_at
2026-07-09 00:39:07 - DataStore - ERROR - [BNB] save_price error: table prices has no column named created_at
2026-07-09 00:39:11 - DataStore - ERROR - [BTC] save_price error: table prices has no column named created_at
2026-07-09 00:39:13 - DataStore - ERROR - [BNB] save_price error: table prices has no column named created_at
2026-07-09 00:39:16 - DataStore - ERROR - [BTC] save_price error: table prices has no column named created_at
2026-07-09 00:39:18 - DataStore - ERROR - [BNB] save_price error: table prices has no column named created_at
2026-07-09 00:39:21 - DataStore - ERROR - [BTC] save_price error: table prices has no column named created_at
2026-07-09 00:39:23 - DataStore - ERROR - [BNB] save_price error: table prices has no column named created_at
