2026-07-08 22:07:35 - HYPE-Collector - INFO - HYPE collector started (interval=6s)
2026-07-08 22:07:41 - HYPE-Collector - WARNING - No price from any source (consecutive: 1)
2026-07-08 22:07:53 - HYPE-Collector - WARNING - No price from any source (consecutive: 1)
2026-07-08 22:08:07 - HYPE-Collector - INFO - Shutdown signal received
2026-07-09 00:36:54 - HYPE-Collector - INFO - HYPE collector started (interval=6s)
2026-07-09 00:37:00 - HYPE-Collector - WARNING - No price from any source (consecutive: 1)
2026-07-09 00:37:06 - HYPE-Collector - INFO - Shutdown signal received
2026-07-09 00:37:06 - HYPE-Collector - INFO - Collector stopped. Stats: {'total': 2, 'success': 1, 'fail': 1, 'api_stats': {'CoinGecko': {'successes': 1, 'failures': 0, 'last_call': 1783571814.8372715, 'circuit_open': False, 'last_failure': 0}}}
2026-07-09 00:37:18 - HYPE-Collector - INFO - HYPE collector started (interval=6s)
2026-07-09 00:37:25 - HYPE-Collector - WARNING - No price from any source (consecutive: 1)
2026-07-09 00:37:30 - HYPE-Collector - INFO - Shutdown signal received
2026-07-09 00:37:31 - HYPE-Collector - INFO - Collector stopped. Stats: {'total': 2, 'success': 1, 'fail': 1, 'api_stats': {'CoinGecko': {'successes': 1, 'failures': 0, 'last_call': 1783571839.0568511, 'circuit_open': False, 'last_failure': 0}}}
2026-07-09 00:37:52 - HYPE-Collector - INFO - HYPE collector started (interval=6s)
2026-07-09 00:38:00 - HYPE-Collector - WARNING - No price from any source (consecutive: 1)
2026-07-09 00:38:12 - HYPE-Collector - WARNING - No price from any source (consecutive: 1)
2026-07-09 00:38:19 - HYPE-Collector - INFO - Shutdown signal received
2026-07-09 00:38:24 - HYPE-Collector - INFO - Collector stopped. Stats: {'total': 5, 'success': 3, 'fail': 2, 'api_stats': {'CoinGecko': {'successes': 3, 'failures': 0, 'last_call': 1783571898.4283488, 'circuit_open': False, 'last_failure': 0}}}
2026-07-09 00:38:57 - HYPE-Collector - INFO - HYPE collector started (interval=6s)
2026-07-09 00:39:03 - HYPE-Collector - WARNING - No price from any source (consecutive: 1)
2026-07-09 00:39:16 - HYPE-Collector - WARNING - No price from any source (consecutive: 1)
2026-07-09 00:39:24 - HYPE-Collector - INFO - Shutdown signal received
2026-07-09 00:39:28 - HYPE-Collector - INFO - Collector stopped. Stats: {'total': 5, 'success': 3, 'fail': 2, 'api_stats': {'CoinGecko': {'successes': 3, 'failures': 0, 'last_call': 1783571962.17305, 'circuit_open': False, 'last_failure': 0}}}
2026-07-09 00:40:09 - HYPE-Collector - INFO - HYPE collector started (interval=6s)
2026-07-09 00:40:15 - HYPE-Collector - WARNING - No price from any source (consecutive: 1)
2026-07-09 00:40:27 - HYPE-Collector - WARNING - No price from any source (consecutive: 1)
2026-07-09 00:40:36 - HYPE-Collector - INFO - Shutdown signal received
2026-07-09 00:40:40 - HYPE-Collector - INFO - Collector stopped. Stats: {'total': 5, 'success': 3, 'fail': 2, 'api_stats': {'CoinGecko': {'successes': 3, 'failures': 0, 'last_call': 1783572034.1190135, 'circuit_open': False, 'last_failure': 0}}}
2026-07-09 00:40:57 - HYPE-Collector - INFO - HYPE collector started (interval=6s)
2026-07-09 00:41:04 - HYPE-Collector - WARNING - No price from any source (consecutive: 1)
2026-07-09 00:41:16 - HYPE-Collector - WARNING - No price from any source (consecutive: 1)
2026-07-09 00:41:28 - HYPE-Collector - WARNING - No price from any source (consecutive: 1)
2026-07-09 00:41:40 - HYPE-Collector - WARNING - No price from any source (consecutive: 1)
2026-07-09 00:41:52 - HYPE-Collector - WARNING - No price from any source (consecutive: 1)
2026-07-09 00:42:04 - HYPE-Collector - WARNING - No price from any source (consecutive: 1)
2026-07-09 00:42:16 - HYPE-Collector - WARNING - No price from any source (consecutive: 1)
2026-07-09 00:42:24 - HYPE-Collector - INFO - Shutdown signal received
2026-07-09 00:42:29 - HYPE-Collector - INFO - Collector stopped. Stats: {'total': 15, 'success': 8, 'fail': 7, 'api_stats': {'CoinGecko': {'successes': 8, 'failures': 0, 'last_call': 1783572143.1560466, 'circuit_open': False, 'last_failure': 0}}}
2026-07-09 00:46:57 - HYPE-Collector - INFO - HYPE collector started (interval=6s)
2026-07-09 00:47:04 - HYPE-Collector - WARNING - No price from any source (consecutive: 1)
2026-07-09 00:47:16 - HYPE-Collector - WARNING - No price from any source (consecutive: 1)
2026-07-09 00:47:28 - HYPE-Collector - WARNING - No price from any source (consecutive: 1)
2026-07-09 00:47:40 - HYPE-Collector - WARNING - No price from any source (consecutive: 1)
2026-07-09 00:47:52 - HYPE-Collector - WARNING - No price from any source (consecutive: 1)
2026-07-09 00:47:54 - HYPE-Collector - INFO - Shutdown signal received
2026-07-09 00:47:58 - HYPE-Collector - INFO - Collector stopped. Stats: {'total': 10, 'success': 5, 'fail': 5, 'api_stats': {'CoinGecko': {'successes': 5, 'failures': 0, 'last_call': 1783572466.7739577, 'circuit_open': False, 'last_failure': 0}}}
2026-07-09 00:48:44 - HYPE-Collector - INFO - HYPE collector started (interval=6s)
2026-07-09 00:48:51 - HYPE-Collector - WARNING - No price from any source (consecutive: 1)
2026-07-09 00:49:01 - HYPE-Collector - INFO - Shutdown signal received
2026-07-09 00:49:03 - HYPE-Collector - INFO - Collector stopped. Stats: {'total': 3, 'success': 2, 'fail': 1, 'api_stats': {'CoinGecko': {'successes': 2, 'failures': 0, 'last_call': 1783572537.2688415, 'circuit_open': False, 'last_failure': 0}}}
2026-07-09 00:49:23 - HYPE-Collector - INFO - HYPE collector started (interval=6s)
2026-07-09 00:49:30 - HYPE-Collector - WARNING - No price from any source (consecutive: 1)
2026-07-09 00:49:42 - HYPE-Collector - WARNING - No price from any source (consecutive: 1)
2026-07-09 00:49:50 - HYPE-Collector - INFO - Shutdown signal received
2026-07-09 00:49:54 - HYPE-Collector - INFO - Collector stopped. Stats: {'total': 5, 'success': 3, 'fail': 2, 'api_stats': {'CoinGecko': {'successes': 3, 'failures': 0, 'last_call': 1783572588.369885, 'circuit_open': False, 'last_failure': 0}}}
2026-07-09 00:53:53 - HYPE-Collector - INFO - HYPE collector started (interval=6s)
2026-07-09 00:54:22 - HYPE-Collector - INFO - Shutdown signal received
2026-07-09 00:54:24 - HYPE-Collector - INFO - Collector stopped. Stats: {'total': 5, 'success': 5, 'fail': 0, 'api_stats': {'CoinGecko': {'successes': 3, 'failures': 0, 'last_call': 1783572858.0736668, 'circuit_open': False, 'last_failure': 0}, 'Kraken': {'successes': 2, 'failures': 0, 'last_call': 1783572851.938274, 'circuit_open': False, 'last_failure': 0}, 'MEXC': {'successes': 0, 'failures': 0, 'last_call': 0, 'circuit_open': False, 'last_failure': 0}}}
2026-07-09 03:35:51 - HYPE-Collector - INFO - HYPE collector started (interval=6s)
2026-07-09 03:37:00 - HYPE-Collector - INFO - HYPE: $67.7000 (source: Kraken, total: 12)
2026-07-09 03:38:15 - HYPE-Collector - INFO - HYPE: $67.6900 (source: Kraken, total: 24)
2026-07-09 03:39:30 - HYPE-Collector - INFO - HYPE: $67.6900 (source: Kraken, total: 36)
2026-07-09 03:40:44 - HYPE-Collector - INFO - HYPE: $67.7100 (source: Kraken, total: 48)
2026-07-09 03:41:59 - HYPE-Collector - INFO - HYPE: $67.7100 (source: Kraken, total: 60)
2026-07-09 03:43:13 - HYPE-Collector - INFO - HYPE: $67.7300 (source: Kraken, total: 72)
2026-07-09 03:44:27 - HYPE-Collector - INFO - HYPE: $67.8500 (source: Kraken, total: 84)
2026-07-09 03:45:42 - HYPE-Collector - INFO - HYPE: $67.8500 (source: Kraken, total: 96)
2026-07-09 03:46:56 - HYPE-Collector - INFO - HYPE: $67.9400 (source: Kraken, total: 108)
2026-07-09 03:48:11 - HYPE-Collector - INFO - HYPE: $67.9900 (source: Kraken, total: 120)
2026-07-09 03:49:25 - HYPE-Collector - INFO - HYPE: $67.9900 (source: Kraken, total: 132)
2026-07-09 03:50:39 - HYPE-Collector - INFO - HYPE: $67.9900 (source: Kraken, total: 144)
2026-07-09 03:51:54 - HYPE-Collector - INFO - HYPE: $67.9600 (source: Kraken, total: 156)
2026-07-09 03:53:08 - HYPE-Collector - INFO - HYPE: $67.9700 (source: Kraken, total: 168)
2026-07-09 03:54:27 - HYPE-Collector - ERROR - Unexpected error from Kraken: ('Connection aborted.', ConnectionResetError(104, 'Connection reset by peer'))
2026-07-09 03:55:25 - HYPE-Collector - INFO - HYPE: $67.9900 (source: Kraken, total: 180)
2026-07-09 03:56:40 - HYPE-Collector - INFO - HYPE: $67.9900 (source: Kraken, total: 192)
2026-07-09 03:58:24 - HYPE-Collector - INFO - HYPE: $67.9300 (source: Kraken, total: 204)
2026-07-09 03:59:45 - HYPE-Collector - ERROR - Unexpected error from CoinGecko: HTTPSConnectionPool(host='api.coingecko.com', port=443): Max retries exceeded with url: /api/v3/simple/price?ids=hyperliquid&vs_currencies=usd (Caused by NewConnectionError("HTTPSConnection(host='api.coingecko.com', port=443): Failed to establish a new connection: [Errno 101] Network is unreachable"))
2026-07-09 04:00:45 - HYPE-Collector - INFO - HYPE: $67.9400 (source: CoinGecko, total: 216)
2026-07-09 04:01:59 - HYPE-Collector - INFO - HYPE: $67.9700 (source: CoinGecko, total: 228)
2026-07-09 04:03:13 - HYPE-Collector - INFO - HYPE: $67.9700 (source: CoinGecko, total: 240)
2026-07-09 04:04:27 - HYPE-Collector - INFO - HYPE: $67.9800 (source: CoinGecko, total: 252)
2026-07-09 04:05:41 - HYPE-Collector - INFO - HYPE: $68.0000 (source: CoinGecko, total: 264)
2026-07-09 04:06:56 - HYPE-Collector - INFO - HYPE: $68.0300 (source: CoinGecko, total: 276)
2026-07-09 04:08:11 - HYPE-Collector - INFO - HYPE: $68.0600 (source: CoinGecko, total: 288)
2026-07-09 04:09:25 - HYPE-Collector - INFO - HYPE: $68.0800 (source: CoinGecko, total: 300)
2026-07-09 04:10:39 - HYPE-Collector - INFO - HYPE: $68.0700 (source: CoinGecko, total: 312)
2026-07-09 04:11:53 - HYPE-Collector - INFO - HYPE: $68.0400 (source: CoinGecko, total: 324)
2026-07-09 04:13:07 - HYPE-Collector - INFO - HYPE: $68.0300 (source: CoinGecko, total: 336)
2026-07-09 04:14:21 - HYPE-Collector - INFO - HYPE: $68.0100 (source: CoinGecko, total: 348)
